# JRE version: OpenJDK Runtime Environment (8.0_151-b12) (build 1.8.0_151-8u151-b12-1-b12)
# Java VM: OpenJDK Server VM (25.151-b12 mixed mode linux-x86 )
Heap:
 PSYoungGen      total 145408K, used 57337K [0x920c0000, 0x9df80000, 0xa7600000)
  eden space 133376K, 42% used [0x920c0000,0x958be558,0x9a300000)
  from space 12032K, 0% used [0x9b040000,0x9b040000,0x9bc00000)
  to   space 13568K, 0% used [0x9a300000,0x9a300000,0x9b040000)
 ParOldGen       total 43008K, used 20434K [0x67600000, 0x6a000000, 0x920c0000)
  object space 43008K, 47% used [0x67600000,0x689f49c8,0x6a000000)
 Metaspace       used 29323K, capacity 29868K, committed 29952K, reserved 30000K
GC Heap History (10 events):
Event: 7.995 GC heap before
{Heap before GC invocations=8 (full 1):
 PSYoungGen      total 71424K, used 6910K [0x920c0000, 0x9b1c0000, 0xa7600000)
  eden space 64512K, 0% used [0x920c0000,0x920c0000,0x95fc0000)
  from space 6912K, 99% used [0x95fc0000,0x9667f920,0x96680000)
  to   space 9728K, 0% used [0x9a840000,0x9a840000,0x9b1c0000)
 ParOldGen       total 22016K, used 11058K [0x67600000, 0x68b80000, 0x920c0000)
  object space 22016K, 50% used [0x67600000,0x680ccb68,0x68b80000)
 Metaspace       used 16082K, capacity 16333K, committed 16384K, reserved 16688K
Event: 8.104 GC heap after
Heap after GC invocations=8 (full 1):
 PSYoungGen      total 71424K, used 0K [0x920c0000, 0x9b1c0000, 0xa7600000)
  eden space 64512K, 0% used [0x920c0000,0x920c0000,0x95fc0000)
  from space 6912K, 0% used [0x95fc0000,0x95fc0000,0x96680000)
  to   space 9728K, 0% used [0x9a840000,0x9a840000,0x9b1c0000)
 ParOldGen       total 32768K, used 16195K [0x67600000, 0x69600000, 0x920c0000)
  object space 32768K, 49% used [0x67600000,0x685d0fa8,0x69600000)
 Metaspace       used 16082K, capacity 16333K, committed 16384K, reserved 16688K
}
Event: 10.703 GC heap before
{Heap before GC invocations=9 (full 1):
 PSYoungGen      total 71424K, used 64512K [0x920c0000, 0x9b1c0000, 0xa7600000)
  eden space 64512K, 100% used [0x920c0000,0x95fc0000,0x95fc0000)
  from space 6912K, 0% used [0x95fc0000,0x95fc0000,0x96680000)
  to   space 9728K, 0% used [0x9a840000,0x9a840000,0x9b1c0000)
 ParOldGen       total 32768K, used 16195K [0x67600000, 0x69600000, 0x920c0000)
  object space 32768K, 49% used [0x67600000,0x685d0fa8,0x69600000)
 Metaspace       used 18062K, capacity 18371K, committed 18432K, reserved 18736K
Event: 10.722 GC heap after
Heap after GC invocations=9 (full 1):
 PSYoungGen      total 106240K, used 4985K [0x920c0000, 0x9ad40000, 0xa7600000)
  eden space 101120K, 0% used [0x920c0000,0x920c0000,0x98380000)
  from space 5120K, 97% used [0x9a840000,0x9ad1e6e8,0x9ad40000)
  to   space 9472K, 0% used [0x99ac0000,0x99ac0000,0x9a400000)
 ParOldGen       total 32768K, used 16199K [0x67600000, 0x69600000, 0x920c0000)
  object space 32768K, 49% used [0x67600000,0x685d1fa8,0x69600000)
 Metaspace       used 18062K, capacity 18371K, committed 18432K, reserved 18736K
}
Event: 15.010 GC heap before
{Heap before GC invocations=10 (full 1):
 PSYoungGen      total 106240K, used 106105K [0x920c0000, 0x9ad40000, 0xa7600000)
  eden space 101120K, 100% used [0x920c0000,0x98380000,0x98380000)
  from space 5120K, 97% used [0x9a840000,0x9ad1e6e8,0x9ad40000)
  to   space 9472K, 0% used [0x99ac0000,0x99ac0000,0x9a400000)
 ParOldGen       total 32768K, used 16199K [0x67600000, 0x69600000, 0x920c0000)
  object space 32768K, 49% used [0x67600000,0x685d1fa8,0x69600000)
 Metaspace       used 22707K, capacity 23082K, committed 23168K, reserved 23856K
Event: 15.073 GC heap after
Heap after GC invocations=10 (full 1):
 PSYoungGen      total 134400K, used 9464K [0x920c0000, 0x9bc00000, 0xa7600000)
  eden space 124928K, 0% used [0x920c0000,0x920c0000,0x99ac0000)
  from space 9472K, 99% used [0x99ac0000,0x9a3fe148,0x9a400000)
  to   space 12032K, 0% used [0x9b040000,0x9b040000,0x9bc00000)
 ParOldGen       total 32768K, used 19173K [0x67600000, 0x69600000, 0x920c0000)
  object space 32768K, 58% used [0x67600000,0x688b94b8,0x69600000)
 Metaspace       used 22707K, capacity 23082K, committed 23168K, reserved 23856K
}
Event: 17.422 GC heap before
{Heap before GC invocations=11 (full 1):
 PSYoungGen      total 134400K, used 67803K [0x920c0000, 0x9bc00000, 0xa7600000)
  eden space 124928K, 46% used [0x920c0000,0x959b8d00,0x99ac0000)
  from space 9472K, 99% used [0x99ac0000,0x9a3fe148,0x9a400000)
  to   space 12032K, 0% used [0x9b040000,0x9b040000,0x9bc00000)
 ParOldGen       total 32768K, used 19173K [0x67600000, 0x69600000, 0x920c0000)
  object space 32768K, 58% used [0x67600000,0x688b94b8,0x69600000)
 Metaspace       used 26824K, capacity 27233K, committed 27308K, reserved 27952K
Event: 17.476 GC heap after
Heap after GC invocations=11 (full 1):
 PSYoungGen      total 145408K, used 10743K [0x920c0000, 0x9df80000, 0xa7600000)
  eden space 133376K, 0% used [0x920c0000,0x920c0000,0x9a300000)
  from space 12032K, 89% used [0x9b040000,0x9babdd10,0x9bc00000)
  to   space 13568K, 0% used [0x9a300000,0x9a300000,0x9b040000)
 ParOldGen       total 32768K, used 21623K [0x67600000, 0x69600000, 0x920c0000)
  object space 32768K, 65% used [0x67600000,0x68b1dd18,0x69600000)
 Metaspace       used 26824K, capacity 27233K, committed 27308K, reserved 27952K
}
Event: 17.477 GC heap before
{Heap before GC invocations=12 (full 2):
 PSYoungGen      total 145408K, used 10743K [0x920c0000, 0x9df80000, 0xa7600000)
  eden space 133376K, 0% used [0x920c0000,0x920c0000,0x9a300000)
  from space 12032K, 89% used [0x9b040000,0x9babdd10,0x9bc00000)
  to   space 13568K, 0% used [0x9a300000,0x9a300000,0x9b040000)
 ParOldGen       total 32768K, used 21623K [0x67600000, 0x69600000, 0x920c0000)
  object space 32768K, 65% used [0x67600000,0x68b1dd18,0x69600000)
 Metaspace       used 26824K, capacity 27233K, committed 27308K, reserved 27952K
Event: 17.681 GC heap after
Heap after GC invocations=12 (full 2):
 PSYoungGen      total 145408K, used 0K [0x920c0000, 0x9df80000, 0xa7600000)
  eden space 133376K, 0% used [0x920c0000,0x920c0000,0x9a300000)
  from space 12032K, 0% used [0x9b040000,0x9b040000,0x9bc00000)
  to   space 13568K, 0% used [0x9a300000,0x9a300000,0x9b040000)
 ParOldGen       total 43008K, used 20434K [0x67600000, 0x6a000000, 0x920c0000)
  object space 43008K, 47% used [0x67600000,0x689f49c8,0x6a000000)
 Metaspace       used 26824K, capacity 27233K, committed 27308K, reserved 27952K
}

