# JRE version: OpenJDK Runtime Environment (8.0_151-b12) (build 1.8.0_151-8u151-b12-1-b12)
# Java VM: OpenJDK Server VM (25.151-b12 mixed mode linux-x86 )
Heap:
 garbage-first heap   total 95232K, used 34816K [0x67000000, 0x67100174, 0xa7000000)
  region size 1024K, 10 young (10240K), 6 survivors (6144K)
 Metaspace       used 30003K, capacity 31017K, committed 31128K, reserved 32048K
GC Heap History (10 events):
Event: 12.003 GC heap before
{Heap before GC invocations=19 (full 0):
 garbage-first heap   total 32768K, used 25967K [0x67000000, 0x67100080, 0xa7000000)
  region size 1024K, 11 young (11264K), 1 survivors (1024K)
 Metaspace       used 17508K, capacity 18186K, committed 18200K, reserved 18736K
Event: 12.032 GC heap after
Heap after GC invocations=20 (full 0):
 garbage-first heap   total 65536K, used 15849K [0x67000000, 0x67100100, 0xa7000000)
  region size 1024K, 1 young (1024K), 1 survivors (1024K)
 Metaspace       used 17508K, capacity 18186K, committed 18200K, reserved 18736K
}
Event: 14.201 GC heap before
{Heap before GC invocations=20 (full 0):
 garbage-first heap   total 65536K, used 52713K [0x67000000, 0x67100100, 0xa7000000)
  region size 1024K, 37 young (37888K), 1 survivors (1024K)
 Metaspace       used 20434K, capacity 21182K, committed 21272K, reserved 21808K
Event: 14.232 GC heap after
Heap after GC invocations=21 (full 0):
 garbage-first heap   total 95232K, used 22334K [0x67000000, 0x67100174, 0xa7000000)
  region size 1024K, 5 young (5120K), 5 survivors (5120K)
 Metaspace       used 20434K, capacity 21182K, committed 21272K, reserved 21808K
}
Event: 17.837 GC heap before
{Heap before GC invocations=21 (full 0):
 garbage-first heap   total 95232K, used 73534K [0x67000000, 0x67100174, 0xa7000000)
  region size 1024K, 55 young (56320K), 5 survivors (5120K)
 Metaspace       used 23257K, capacity 24140K, committed 24216K, reserved 24880K
Event: 17.890 GC heap after
Heap after GC invocations=22 (full 0):
 garbage-first heap   total 95232K, used 29184K [0x67000000, 0x67100174, 0xa7000000)
  region size 1024K, 7 young (7168K), 7 survivors (7168K)
 Metaspace       used 23257K, capacity 24140K, committed 24216K, reserved 24880K
}
Event: 20.345 GC heap before
{Heap before GC invocations=22 (full 0):
 garbage-first heap   total 95232K, used 77312K [0x67000000, 0x67100174, 0xa7000000)
  region size 1024K, 54 young (55296K), 7 survivors (7168K)
 Metaspace       used 25510K, capacity 26372K, committed 26392K, reserved 26928K
Event: 20.386 GC heap after
Heap after GC invocations=23 (full 0):
 garbage-first heap   total 95232K, used 35327K [0x67000000, 0x67100174, 0xa7000000)
  region size 1024K, 7 young (7168K), 7 survivors (7168K)
 Metaspace       used 25510K, capacity 26372K, committed 26392K, reserved 26928K
}
Event: 45.488 GC heap before
{Heap before GC invocations=23 (full 0):
 garbage-first heap   total 95232K, used 67071K [0x67000000, 0x67100174, 0xa7000000)
  region size 1024K, 39 young (39936K), 7 survivors (7168K)
 Metaspace       used 28901K, capacity 29880K, committed 29908K, reserved 30000K
Event: 45.518 GC heap after
Heap after GC invocations=24 (full 0):
 garbage-first heap   total 95232K, used 36352K [0x67000000, 0x67100174, 0xa7000000)
  region size 1024K, 6 young (6144K), 6 survivors (6144K)
 Metaspace       used 28901K, capacity 29880K, committed 29908K, reserved 30000K
}

