# JRE version: OpenJDK Runtime Environment (8.0_151-b12) (build 1.8.0_151-8u151-b12-1-b12)
# Java VM: OpenJDK Server VM (25.151-b12 mixed mode linux-x86 )
Heap:
 PSYoungGen      total 37120K, used 6141K [0x920c0000, 0x94b00000, 0xa7600000)
  eden space 30976K, 0% used [0x920c0000,0x920c0000,0x93f00000)
  from space 6144K, 99% used [0x94500000,0x94aff580,0x94b00000)
  to   space 3840K, 0% used [0x94040000,0x94040000,0x94400000)
 ParOldGen       total 22016K, used 7580K [0x67600000, 0x68b80000, 0x920c0000)
  object space 22016K, 34% used [0x67600000,0x67d67080,0x68b80000)
 Metaspace       used 13655K, capacity 13873K, committed 13976K, reserved 14640K
GC Heap History (10 events):
Event: 2.617 GC heap after
Heap after GC invocations=3 (full 0):
 PSYoungGen      total 9472K, used 1279K [0x920c0000, 0x93340000, 0xa7600000)
  eden space 8192K, 0% used [0x920c0000,0x920c0000,0x928c0000)
  from space 1280K, 99% used [0x928c0000,0x929ffde8,0x92a00000)
  to   space 1280K, 0% used [0x93200000,0x93200000,0x93340000)
 ParOldGen       total 22016K, used 702K [0x67600000, 0x68b80000, 0x920c0000)
  object space 22016K, 3% used [0x67600000,0x676af900,0x68b80000)
 Metaspace       used 3894K, capacity 3920K, committed 3992K, reserved 4400K
}
Event: 2.986 GC heap before
{Heap before GC invocations=4 (full 0):
 PSYoungGen      total 9472K, used 9471K [0x920c0000, 0x93340000, 0xa7600000)
  eden space 8192K, 100% used [0x920c0000,0x928c0000,0x928c0000)
  from space 1280K, 99% used [0x928c0000,0x929ffde8,0x92a00000)
  to   space 1280K, 0% used [0x93200000,0x93200000,0x93340000)
 ParOldGen       total 22016K, used 702K [0x67600000, 0x68b80000, 0x920c0000)
  object space 22016K, 3% used [0x67600000,0x676af900,0x68b80000)
 Metaspace       used 3964K, capacity 3992K, committed 3992K, reserved 4400K
Event: 2.997 GC heap after
Heap after GC invocations=4 (full 0):
 PSYoungGen      total 17664K, used 1264K [0x920c0000, 0x93340000, 0xa7600000)
  eden space 16384K, 0% used [0x920c0000,0x920c0000,0x930c0000)
  from space 1280K, 98% used [0x93200000,0x9333c080,0x93340000)
  to   space 1280K, 0% used [0x930c0000,0x930c0000,0x93200000)
 ParOldGen       total 22016K, used 1178K [0x67600000, 0x68b80000, 0x920c0000)
  object space 22016K, 5% used [0x67600000,0x67726ae8,0x68b80000)
 Metaspace       used 3964K, capacity 3992K, committed 3992K, reserved 4400K
}
Event: 6.095 GC heap before
{Heap before GC invocations=5 (full 0):
 PSYoungGen      total 17664K, used 17648K [0x920c0000, 0x93340000, 0xa7600000)
  eden space 16384K, 100% used [0x920c0000,0x930c0000,0x930c0000)
  from space 1280K, 98% used [0x93200000,0x9333c080,0x93340000)
  to   space 1280K, 0% used [0x930c0000,0x930c0000,0x93200000)
 ParOldGen       total 22016K, used 1178K [0x67600000, 0x68b80000, 0x920c0000)
  object space 22016K, 5% used [0x67600000,0x67726ae8,0x68b80000)
 Metaspace       used 6676K, capacity 6878K, committed 6936K, reserved 7472K
Event: 6.121 GC heap after
Heap after GC invocations=5 (full 0):
 PSYoungGen      total 17664K, used 1264K [0x920c0000, 0x94740000, 0xa7600000)
  eden space 16384K, 0% used [0x920c0000,0x920c0000,0x930c0000)
  from space 1280K, 98% used [0x930c0000,0x931fc090,0x93200000)
  to   space 3328K, 0% used [0x94400000,0x94400000,0x94740000)
 ParOldGen       total 22016K, used 3362K [0x67600000, 0x68b80000, 0x920c0000)
  object space 22016K, 15% used [0x67600000,0x67948940,0x68b80000)
 Metaspace       used 6676K, capacity 6878K, committed 6936K, reserved 7472K
}
Event: 9.779 GC heap before
{Heap before GC invocations=6 (full 0):
 PSYoungGen      total 17664K, used 17648K [0x920c0000, 0x94740000, 0xa7600000)
  eden space 16384K, 100% used [0x920c0000,0x930c0000,0x930c0000)
  from space 1280K, 98% used [0x930c0000,0x931fc090,0x93200000)
  to   space 3328K, 0% used [0x94400000,0x94400000,0x94740000)
 ParOldGen       total 22016K, used 3362K [0x67600000, 0x68b80000, 0x920c0000)
  object space 22016K, 15% used [0x67600000,0x67948940,0x68b80000)
 Metaspace       used 7684K, capacity 7883K, committed 7960K, reserved 8496K
Event: 9.798 GC heap after
Heap after GC invocations=6 (full 0):
 PSYoungGen      total 35584K, used 2997K [0x920c0000, 0x94840000, 0xa7600000)
  eden space 32256K, 0% used [0x920c0000,0x920c0000,0x94040000)
  from space 3328K, 90% used [0x94400000,0x946ed778,0x94740000)
  to   space 3840K, 0% used [0x94040000,0x94040000,0x94400000)
 ParOldGen       total 22016K, used 3366K [0x67600000, 0x68b80000, 0x920c0000)
  object space 22016K, 15% used [0x67600000,0x67949940,0x68b80000)
 Metaspace       used 7684K, capacity 7883K, committed 7960K, reserved 8496K
}
Event: 22.075 GC heap before
{Heap before GC invocations=7 (full 0):
 PSYoungGen      total 35584K, used 35253K [0x920c0000, 0x94840000, 0xa7600000)
  eden space 32256K, 100% used [0x920c0000,0x94040000,0x94040000)
  from space 3328K, 90% used [0x94400000,0x946ed778,0x94740000)
  to   space 3840K, 0% used [0x94040000,0x94040000,0x94400000)
 ParOldGen       total 22016K, used 3366K [0x67600000, 0x68b80000, 0x920c0000)
  object space 22016K, 15% used [0x67600000,0x67949940,0x68b80000)
 Metaspace       used 11409K, capacity 11627K, committed 11672K, reserved 12592K
Event: 22.144 GC heap after
Heap after GC invocations=7 (full 0):
 PSYoungGen      total 34816K, used 3827K [0x920c0000, 0x94b00000, 0xa7600000)
  eden space 30976K, 0% used [0x920c0000,0x920c0000,0x93f00000)
  from space 3840K, 99% used [0x94040000,0x943fce50,0x94400000)
  to   space 6144K, 0% used [0x94500000,0x94500000,0x94b00000)
 ParOldGen       total 22016K, used 6678K [0x67600000, 0x68b80000, 0x920c0000)
  object space 22016K, 30% used [0x67600000,0x67c859e0,0x68b80000)
 Metaspace       used 11409K, capacity 11627K, committed 11672K, reserved 12592K
}
Event: 32.465 GC heap before
{Heap before GC invocations=8 (full 0):
 PSYoungGen      total 34816K, used 34803K [0x920c0000, 0x94b00000, 0xa7600000)
  eden space 30976K, 100% used [0x920c0000,0x93f00000,0x93f00000)
  from space 3840K, 99% used [0x94040000,0x943fce50,0x94400000)
  to   space 6144K, 0% used [0x94500000,0x94500000,0x94b00000)
 ParOldGen       total 22016K, used 6678K [0x67600000, 0x68b80000, 0x920c0000)
  object space 22016K, 30% used [0x67600000,0x67c859e0,0x68b80000)
 Metaspace       used 13655K, capacity 13873K, committed 13976K, reserved 14640K

