# JRE version: OpenJDK Runtime Environment (8.0_151-b12) (build 1.8.0_151-8u151-b12-1-b12)
# Java VM: OpenJDK Server VM (25.151-b12 mixed mode linux-x86 )
Heap:
 PSYoungGen      total 96000K, used 6876K [0x9ce00000, 0xa3f80000, 0xa7600000)
  eden space 86784K, 0% used [0x9ce00000,0x9ce00000,0xa22c0000)
  from space 9216K, 74% used [0xa2d80000,0xa3437298,0xa3680000)
  to   space 5632K, 0% used [0xa3a00000,0xa3a00000,0xa3f80000)
 ParOldGen       total 25088K, used 12528K [0x87e00000, 0x89680000, 0x9ce00000)
  object space 25088K, 49% used [0x87e00000,0x88a3c160,0x89680000)
 Metaspace       used 22507K, capacity 22881K, committed 23040K, reserved 23856K
GC Heap History (10 events):
Event: 8.896 GC heap after
Heap after GC invocations=7 (full 0):
 PSYoungGen      total 36096K, used 3568K [0x9ce00000, 0xa1900000, 0xa7600000)
  eden space 32512K, 0% used [0x9ce00000,0x9ce00000,0x9edc0000)
  from space 3584K, 99% used [0x9edc0000,0x9f13c228,0x9f140000)
  to   space 5888K, 0% used [0xa1340000,0xa1340000,0xa1900000)
 ParOldGen       total 22016K, used 7830K [0x87e00000, 0x89380000, 0x9ce00000)
  object space 22016K, 35% used [0x87e00000,0x885a5958,0x89380000)
 Metaspace       used 10985K, capacity 11044K, committed 11160K, reserved 11568K
}
Event: 10.521 GC heap before
{Heap before GC invocations=8 (full 0):
 PSYoungGen      total 36096K, used 36080K [0x9ce00000, 0xa1900000, 0xa7600000)
  eden space 32512K, 100% used [0x9ce00000,0x9edc0000,0x9edc0000)
  from space 3584K, 99% used [0x9edc0000,0x9f13c228,0x9f140000)
  to   space 5888K, 0% used [0xa1340000,0xa1340000,0xa1900000)
 ParOldGen       total 22016K, used 7830K [0x87e00000, 0x89380000, 0x9ce00000)
  object space 22016K, 35% used [0x87e00000,0x885a5958,0x89380000)
 Metaspace       used 13196K, capacity 13289K, committed 13336K, reserved 13616K
Event: 10.568 GC heap after
Heap after GC invocations=8 (full 0):
 PSYoungGen      total 69376K, used 5873K [0x9ce00000, 0xa1c00000, 0xa7600000)
  eden space 63488K, 0% used [0x9ce00000,0x9ce00000,0xa0c00000)
  from space 5888K, 99% used [0xa1340000,0xa18fc628,0xa1900000)
  to   space 7424K, 0% used [0xa0c00000,0xa0c00000,0xa1340000)
 ParOldGen       total 22016K, used 8936K [0x87e00000, 0x89380000, 0x9ce00000)
  object space 22016K, 40% used [0x87e00000,0x886ba000,0x89380000)
 Metaspace       used 13196K, capacity 13289K, committed 13336K, reserved 13616K
}
Event: 12.728 GC heap before
{Heap before GC invocations=9 (full 0):
 PSYoungGen      total 69376K, used 35521K [0x9ce00000, 0xa1c00000, 0xa7600000)
  eden space 63488K, 46% used [0x9ce00000,0x9eaf4008,0xa0c00000)
  from space 5888K, 99% used [0xa1340000,0xa18fc628,0xa1900000)
  to   space 7424K, 0% used [0xa0c00000,0xa0c00000,0xa1340000)
 ParOldGen       total 22016K, used 8936K [0x87e00000, 0x89380000, 0x9ce00000)
  object space 22016K, 40% used [0x87e00000,0x886ba000,0x89380000)
 Metaspace       used 16117K, capacity 16353K, committed 16384K, reserved 16688K
Event: 12.768 GC heap after
Heap after GC invocations=9 (full 0):
 PSYoungGen      total 70912K, used 7416K [0x9ce00000, 0xa42c0000, 0xa7600000)
  eden space 63488K, 0% used [0x9ce00000,0x9ce00000,0xa0c00000)
  from space 7424K, 99% used [0xa0c00000,0xa133e380,0xa1340000)
  to   space 8960K, 0% used [0xa3a00000,0xa3a00000,0xa42c0000)
 ParOldGen       total 22016K, used 10329K [0x87e00000, 0x89380000, 0x9ce00000)
  object space 22016K, 46% used [0x87e00000,0x888167b0,0x89380000)
 Metaspace       used 16117K, capacity 16353K, committed 16384K, reserved 16688K
}
Event: 12.768 GC heap before
{Heap before GC invocations=10 (full 1):
 PSYoungGen      total 70912K, used 7416K [0x9ce00000, 0xa42c0000, 0xa7600000)
  eden space 63488K, 0% used [0x9ce00000,0x9ce00000,0xa0c00000)
  from space 7424K, 99% used [0xa0c00000,0xa133e380,0xa1340000)
  to   space 8960K, 0% used [0xa3a00000,0xa3a00000,0xa42c0000)
 ParOldGen       total 22016K, used 10329K [0x87e00000, 0x89380000, 0x9ce00000)
  object space 22016K, 46% used [0x87e00000,0x888167b0,0x89380000)
 Metaspace       used 16117K, capacity 16353K, committed 16384K, reserved 16688K
Event: 12.889 GC heap after
Heap after GC invocations=10 (full 1):
 PSYoungGen      total 70912K, used 0K [0x9ce00000, 0xa42c0000, 0xa7600000)
  eden space 63488K, 0% used [0x9ce00000,0x9ce00000,0xa0c00000)
  from space 7424K, 0% used [0xa0c00000,0xa0c00000,0xa1340000)
  to   space 8960K, 0% used [0xa3a00000,0xa3a00000,0xa42c0000)
 ParOldGen       total 25088K, used 11022K [0x87e00000, 0x89680000, 0x9ce00000)
  object space 25088K, 43% used [0x87e00000,0x888c3850,0x89680000)
 Metaspace       used 16108K, capacity 16313K, committed 16384K, reserved 16688K
}
Event: 16.875 GC heap before
{Heap before GC invocations=11 (full 1):
 PSYoungGen      total 70912K, used 63488K [0x9ce00000, 0xa42c0000, 0xa7600000)
  eden space 63488K, 100% used [0x9ce00000,0xa0c00000,0xa0c00000)
  from space 7424K, 0% used [0xa0c00000,0xa0c00000,0xa1340000)
  to   space 8960K, 0% used [0xa3a00000,0xa3a00000,0xa42c0000)
 ParOldGen       total 25088K, used 11022K [0x87e00000, 0x89680000, 0x9ce00000)
  object space 25088K, 43% used [0x87e00000,0x888c3850,0x89680000)
 Metaspace       used 19194K, capacity 19485K, committed 19584K, reserved 19760K
Event: 16.910 GC heap after
Heap after GC invocations=11 (full 1):
 PSYoungGen      total 92416K, used 5558K [0x9ce00000, 0xa3f80000, 0xa7600000)
  eden space 86784K, 0% used [0x9ce00000,0x9ce00000,0xa22c0000)
  from space 5632K, 98% used [0xa3a00000,0xa3f6da50,0xa3f80000)
  to   space 9216K, 0% used [0xa2d80000,0xa2d80000,0xa3680000)
 ParOldGen       total 25088K, used 11026K [0x87e00000, 0x89680000, 0x9ce00000)
  object space 25088K, 43% used [0x87e00000,0x888c4850,0x89680000)
 Metaspace       used 19194K, capacity 19485K, committed 19584K, reserved 19760K
}
Event: 23.822 GC heap before
{Heap before GC invocations=12 (full 1):
 PSYoungGen      total 92416K, used 92342K [0x9ce00000, 0xa3f80000, 0xa7600000)
  eden space 86784K, 100% used [0x9ce00000,0xa22c0000,0xa22c0000)
  from space 5632K, 98% used [0xa3a00000,0xa3f6da50,0xa3f80000)
  to   space 9216K, 0% used [0xa2d80000,0xa2d80000,0xa3680000)
 ParOldGen       total 25088K, used 11026K [0x87e00000, 0x89680000, 0x9ce00000)
  object space 25088K, 43% used [0x87e00000,0x888c4850,0x89680000)
 Metaspace       used 22507K, capacity 22881K, committed 23040K, reserved 23856K

