# JRE version: OpenJDK Runtime Environment (8.0_151-b12) (build 1.8.0_151-8u151-b12-1-b12)
# Java VM: OpenJDK Server VM (25.151-b12 mixed mode linux-x86 )
Heap:
 PSYoungGen      total 16640K, used 1272K [0x9ce00000, 0x9e080000, 0xa7600000)
  eden space 15360K, 0% used [0x9ce00000,0x9ce00000,0x9dd00000)
  from space 1280K, 99% used [0x9dd00000,0x9de3e110,0x9de40000)
  to   space 1280K, 0% used [0x9de40000,0x9de40000,0x9df80000)
 ParOldGen       total 22016K, used 3418K [0x87e00000, 0x89380000, 0x9ce00000)
  object space 22016K, 15% used [0x87e00000,0x88156b78,0x89380000)
 Metaspace       used 5398K, capacity 5472K, committed 5528K, reserved 6448K
GC Heap History (9 events):
Event: 57.562 GC heap before
{Heap before GC invocations=1 (full 0):
 PSYoungGen      total 9472K, used 8192K [0x9ce00000, 0x9d880000, 0xa7600000)
  eden space 8192K, 100% used [0x9ce00000,0x9d600000,0x9d600000)
  from space 1280K, 0% used [0x9d740000,0x9d740000,0x9d880000)
  to   space 1280K, 0% used [0x9d600000,0x9d600000,0x9d740000)
 ParOldGen       total 22016K, used 0K [0x87e00000, 0x89380000, 0x9ce00000)
  object space 22016K, 0% used [0x87e00000,0x87e00000,0x89380000)
 Metaspace       used 3063K, capacity 3128K, committed 3224K, reserved 4400K
Event: 58.373 GC heap after
Heap after GC invocations=1 (full 0):
 PSYoungGen      total 9472K, used 1276K [0x9ce00000, 0x9e080000, 0xa7600000)
  eden space 8192K, 0% used [0x9ce00000,0x9ce00000,0x9d600000)
  from space 1280K, 99% used [0x9d600000,0x9d73f100,0x9d740000)
  to   space 1280K, 0% used [0x9df40000,0x9df40000,0x9e080000)
 ParOldGen       total 22016K, used 129K [0x87e00000, 0x89380000, 0x9ce00000)
  object space 22016K, 0% used [0x87e00000,0x87e20558,0x89380000)
 Metaspace       used 3063K, capacity 3128K, committed 3224K, reserved 4400K
}
Event: 123.427 GC heap before
{Heap before GC invocations=2 (full 0):
 PSYoungGen      total 9472K, used 9468K [0x9ce00000, 0x9e080000, 0xa7600000)
  eden space 8192K, 100% used [0x9ce00000,0x9d600000,0x9d600000)
  from space 1280K, 99% used [0x9d600000,0x9d73f100,0x9d740000)
  to   space 1280K, 0% used [0x9df40000,0x9df40000,0x9e080000)
 ParOldGen       total 22016K, used 129K [0x87e00000, 0x89380000, 0x9ce00000)
  object space 22016K, 0% used [0x87e00000,0x87e20558,0x89380000)
 Metaspace       used 4288K, capacity 4344K, committed 4376K, reserved 4400K
Event: 123.584 GC heap after
Heap after GC invocations=2 (full 0):
 PSYoungGen      total 9472K, used 1279K [0x9ce00000, 0x9e080000, 0xa7600000)
  eden space 8192K, 0% used [0x9ce00000,0x9ce00000,0x9d600000)
  from space 1280K, 99% used [0x9df40000,0x9e07fd50,0x9e080000)
  to   space 1280K, 0% used [0x9d600000,0x9d600000,0x9d740000)
 ParOldGen       total 22016K, used 853K [0x87e00000, 0x89380000, 0x9ce00000)
  object space 22016K, 3% used [0x87e00000,0x87ed57d0,0x89380000)
 Metaspace       used 4288K, capacity 4344K, committed 4376K, reserved 4400K
}
Event: 166.301 GC heap before
{Heap before GC invocations=3 (full 0):
 PSYoungGen      total 9472K, used 9471K [0x9ce00000, 0x9e080000, 0xa7600000)
  eden space 8192K, 100% used [0x9ce00000,0x9d600000,0x9d600000)
  from space 1280K, 99% used [0x9df40000,0x9e07fd50,0x9e080000)
  to   space 1280K, 0% used [0x9d600000,0x9d600000,0x9d740000)
 ParOldGen       total 22016K, used 853K [0x87e00000, 0x89380000, 0x9ce00000)
  object space 22016K, 3% used [0x87e00000,0x87ed57d0,0x89380000)
 Metaspace       used 5068K, capacity 5144K, committed 5144K, reserved 5424K
Event: 166.456 GC heap after
Heap after GC invocations=3 (full 0):
 PSYoungGen      total 9472K, used 1272K [0x9ce00000, 0x9df80000, 0xa7600000)
  eden space 8192K, 0% used [0x9ce00000,0x9ce00000,0x9d600000)
  from space 1280K, 99% used [0x9d600000,0x9d73e130,0x9d740000)
  to   space 1280K, 0% used [0x9de40000,0x9de40000,0x9df80000)
 ParOldGen       total 22016K, used 1989K [0x87e00000, 0x89380000, 0x9ce00000)
  object space 22016K, 9% used [0x87e00000,0x87ff17d8,0x89380000)
 Metaspace       used 5068K, capacity 5144K, committed 5144K, reserved 5424K
}
Event: 189.569 GC heap before
{Heap before GC invocations=4 (full 0):
 PSYoungGen      total 9472K, used 9464K [0x9ce00000, 0x9df80000, 0xa7600000)
  eden space 8192K, 100% used [0x9ce00000,0x9d600000,0x9d600000)
  from space 1280K, 99% used [0x9d600000,0x9d73e130,0x9d740000)
  to   space 1280K, 0% used [0x9de40000,0x9de40000,0x9df80000)
 ParOldGen       total 22016K, used 1989K [0x87e00000, 0x89380000, 0x9ce00000)
  object space 22016K, 9% used [0x87e00000,0x87ff17d8,0x89380000)
 Metaspace       used 5232K, capacity 5304K, committed 5400K, reserved 5424K
Event: 191.616 GC heap after
Heap after GC invocations=4 (full 0):
 PSYoungGen      total 16640K, used 1264K [0x9ce00000, 0x9e080000, 0xa7600000)
  eden space 15360K, 0% used [0x9ce00000,0x9ce00000,0x9dd00000)
  from space 1280K, 98% used [0x9de40000,0x9df7c120,0x9df80000)
  to   space 1280K, 0% used [0x9dd00000,0x9dd00000,0x9de40000)
 ParOldGen       total 22016K, used 2489K [0x87e00000, 0x89380000, 0x9ce00000)
  object space 22016K, 11% used [0x87e00000,0x8806e738,0x89380000)
 Metaspace       used 5232K, capacity 5304K, committed 5400K, reserved 5424K
}
Event: 319.976 GC heap before
{Heap before GC invocations=5 (full 0):
 PSYoungGen      total 16640K, used 16624K [0x9ce00000, 0x9e080000, 0xa7600000)
  eden space 15360K, 100% used [0x9ce00000,0x9dd00000,0x9dd00000)
  from space 1280K, 98% used [0x9de40000,0x9df7c120,0x9df80000)
  to   space 1280K, 0% used [0x9dd00000,0x9dd00000,0x9de40000)
 ParOldGen       total 22016K, used 2489K [0x87e00000, 0x89380000, 0x9ce00000)
  object space 22016K, 11% used [0x87e00000,0x8806e738,0x89380000)
 Metaspace       used 5398K, capacity 5472K, committed 5528K, reserved 6448K

