# JRE version: OpenJDK Runtime Environment (8.0_151-b12) (build 1.8.0_151-8u151-b12-1-b12)
# Java VM: OpenJDK Server VM (25.151-b12 mixed mode linux-x86 )
Heap:
 PSYoungGen      total 106496K, used 7240K [0x9ce00000, 0xa5180000, 0xa7600000)
  eden space 96256K, 0% used [0x9ce00000,0x9ce00000,0xa2c00000)
  from space 10240K, 70% used [0xa4780000,0xa4e920c8,0xa5180000)
  to   space 9216K, 0% used [0xa2c00000,0xa2c00000,0xa3500000)
 ParOldGen       total 26368K, used 18154K [0x87e00000, 0x897c0000, 0x9ce00000)
  object space 26368K, 68% used [0x87e00000,0x88fba928,0x897c0000)
 Metaspace       used 26830K, capacity 27287K, committed 27308K, reserved 27952K
GC Heap History (10 events):
Event: 11.431 GC heap after
Heap after GC invocations=8 (full 0):
 PSYoungGen      total 68352K, used 5872K [0x9ce00000, 0xa1b00000, 0xa7600000)
  eden space 62464K, 0% used [0x9ce00000,0x9ce00000,0xa0b00000)
  from space 5888K, 99% used [0xa1240000,0xa17fc120,0xa1800000)
  to   space 7424K, 0% used [0xa0b00000,0xa0b00000,0xa1240000)
 ParOldGen       total 22016K, used 9243K [0x87e00000, 0x89380000, 0x9ce00000)
  object space 22016K, 41% used [0x87e00000,0x88706c50,0x89380000)
 Metaspace       used 13087K, capacity 13190K, committed 13336K, reserved 13616K
}
Event: 14.681 GC heap before
{Heap before GC invocations=9 (full 0):
 PSYoungGen      total 68352K, used 61709K [0x9ce00000, 0xa1b00000, 0xa7600000)
  eden space 62464K, 89% used [0x9ce00000,0xa04874c8,0xa0b00000)
  from space 5888K, 99% used [0xa1240000,0xa17fc120,0xa1800000)
  to   space 7424K, 0% used [0xa0b00000,0xa0b00000,0xa1240000)
 ParOldGen       total 22016K, used 9243K [0x87e00000, 0x89380000, 0x9ce00000)
  object space 22016K, 41% used [0x87e00000,0x88706c50,0x89380000)
 Metaspace       used 16123K, capacity 16364K, committed 16384K, reserved 16688K
Event: 14.715 GC heap after
Heap after GC invocations=9 (full 0):
 PSYoungGen      total 69888K, used 7418K [0x9ce00000, 0xa4240000, 0xa7600000)
  eden space 62464K, 0% used [0x9ce00000,0x9ce00000,0xa0b00000)
  from space 7424K, 99% used [0xa0b00000,0xa123ea18,0xa1240000)
  to   space 9472K, 0% used [0xa3900000,0xa3900000,0xa4240000)
 ParOldGen       total 22016K, used 11531K [0x87e00000, 0x89380000, 0x9ce00000)
  object space 22016K, 52% used [0x87e00000,0x88942d78,0x89380000)
 Metaspace       used 16123K, capacity 16364K, committed 16384K, reserved 16688K
}
Event: 14.715 GC heap before
{Heap before GC invocations=10 (full 1):
 PSYoungGen      total 69888K, used 7418K [0x9ce00000, 0xa4240000, 0xa7600000)
  eden space 62464K, 0% used [0x9ce00000,0x9ce00000,0xa0b00000)
  from space 7424K, 99% used [0xa0b00000,0xa123ea18,0xa1240000)
  to   space 9472K, 0% used [0xa3900000,0xa3900000,0xa4240000)
 ParOldGen       total 22016K, used 11531K [0x87e00000, 0x89380000, 0x9ce00000)
  object space 22016K, 52% used [0x87e00000,0x88942d78,0x89380000)
 Metaspace       used 16123K, capacity 16364K, committed 16384K, reserved 16688K
Event: 14.857 GC heap after
Heap after GC invocations=10 (full 1):
 PSYoungGen      total 69888K, used 0K [0x9ce00000, 0xa4240000, 0xa7600000)
  eden space 62464K, 0% used [0x9ce00000,0x9ce00000,0xa0b00000)
  from space 7424K, 0% used [0xa0b00000,0xa0b00000,0xa1240000)
  to   space 9472K, 0% used [0xa3900000,0xa3900000,0xa4240000)
 ParOldGen       total 26368K, used 11599K [0x87e00000, 0x897c0000, 0x9ce00000)
  object space 26368K, 43% used [0x87e00000,0x88953d50,0x897c0000)
 Metaspace       used 16123K, capacity 16364K, committed 16384K, reserved 16688K
}
Event: 18.821 GC heap before
{Heap before GC invocations=11 (full 1):
 PSYoungGen      total 69888K, used 62464K [0x9ce00000, 0xa4240000, 0xa7600000)
  eden space 62464K, 100% used [0x9ce00000,0xa0b00000,0xa0b00000)
  from space 7424K, 0% used [0xa0b00000,0xa0b00000,0xa1240000)
  to   space 9472K, 0% used [0xa3900000,0xa3900000,0xa4240000)
 ParOldGen       total 26368K, used 11599K [0x87e00000, 0x897c0000, 0x9ce00000)
  object space 26368K, 43% used [0x87e00000,0x88953d50,0x897c0000)
 Metaspace       used 18004K, capacity 18321K, committed 18432K, reserved 18736K
Event: 18.854 GC heap after
Heap after GC invocations=11 (full 1):
 PSYoungGen      total 89344K, used 4893K [0x9ce00000, 0xa3e00000, 0xa7600000)
  eden space 84224K, 0% used [0x9ce00000,0x9ce00000,0xa2040000)
  from space 5120K, 95% used [0xa3900000,0xa3dc7688,0xa3e00000)
  to   space 9216K, 0% used [0xa2c00000,0xa2c00000,0xa3500000)
 ParOldGen       total 26368K, used 11603K [0x87e00000, 0x897c0000, 0x9ce00000)
  object space 26368K, 44% used [0x87e00000,0x88954d50,0x897c0000)
 Metaspace       used 18004K, capacity 18321K, committed 18432K, reserved 18736K
}
Event: 23.957 GC heap before
{Heap before GC invocations=12 (full 1):
 PSYoungGen      total 89344K, used 89117K [0x9ce00000, 0xa3e00000, 0xa7600000)
  eden space 84224K, 100% used [0x9ce00000,0xa2040000,0xa2040000)
  from space 5120K, 95% used [0xa3900000,0xa3dc7688,0xa3e00000)
  to   space 9216K, 0% used [0xa2c00000,0xa2c00000,0xa3500000)
 ParOldGen       total 26368K, used 11603K [0x87e00000, 0x897c0000, 0x9ce00000)
  object space 26368K, 44% used [0x87e00000,0x88954d50,0x897c0000)
 Metaspace       used 22251K, capacity 22595K, committed 22656K, reserved 22832K
Event: 24.040 GC heap after
Heap after GC invocations=12 (full 1):
 PSYoungGen      total 105472K, used 8200K [0x9ce00000, 0xa5180000, 0xa7600000)
  eden space 96256K, 0% used [0x9ce00000,0x9ce00000,0xa2c00000)
  from space 9216K, 88% used [0xa2c00000,0xa34023b0,0xa3500000)
  to   space 10240K, 0% used [0xa4780000,0xa4780000,0xa5180000)
 ParOldGen       total 26368K, used 14296K [0x87e00000, 0x897c0000, 0x9ce00000)
  object space 26368K, 54% used [0x87e00000,0x88bf6360,0x897c0000)
 Metaspace       used 22251K, capacity 22595K, committed 22656K, reserved 22832K
}
Event: 30.442 GC heap before
{Heap before GC invocations=13 (full 1):
 PSYoungGen      total 105472K, used 81462K [0x9ce00000, 0xa5180000, 0xa7600000)
  eden space 96256K, 76% used [0x9ce00000,0xa158b6b8,0xa2c00000)
  from space 9216K, 88% used [0xa2c00000,0xa34023b0,0xa3500000)
  to   space 10240K, 0% used [0xa4780000,0xa4780000,0xa5180000)
 ParOldGen       total 26368K, used 14296K [0x87e00000, 0x897c0000, 0x9ce00000)
  object space 26368K, 54% used [0x87e00000,0x88bf6360,0x897c0000)
 Metaspace       used 26830K, capacity 27287K, committed 27308K, reserved 27952K

