# JRE version: OpenJDK Runtime Environment (8.0_151-b12) (build 1.8.0_151-8u151-b12-1-b12)
# Java VM: OpenJDK Server VM (25.151-b12 mixed mode linux-x86 )
Heap:
 PSYoungGen      total 74496K, used 5693K [0x9ce00000, 0xa26c0000, 0xa7600000)
  eden space 68608K, 0% used [0x9ce00000,0x9ce00000,0xa1100000)
  from space 5888K, 96% used [0xa1b40000,0xa20cf748,0xa2100000)
  to   space 3840K, 0% used [0xa2300000,0xa2300000,0xa26c0000)
 ParOldGen       total 24320K, used 11850K [0x87e00000, 0x895c0000, 0x9ce00000)
  object space 24320K, 48% used [0x87e00000,0x88992a20,0x895c0000)
 Metaspace       used 20691K, capacity 21044K, committed 21120K, reserved 21808K
GC Heap History (10 events):
Event: 8.458 GC heap after
Heap after GC invocations=9 (full 0):
 PSYoungGen      total 36096K, used 4340K [0x9ce00000, 0xa0ac0000, 0xa7600000)
  eden space 31744K, 0% used [0x9ce00000,0x9ce00000,0x9ed00000)
  from space 4352K, 99% used [0x9ed00000,0x9f13d2e0,0x9f140000)
  to   space 5632K, 0% used [0xa0540000,0xa0540000,0xa0ac0000)
 ParOldGen       total 22016K, used 7769K [0x87e00000, 0x89380000, 0x9ce00000)
  object space 22016K, 35% used [0x87e00000,0x88596748,0x89380000)
 Metaspace       used 12151K, capacity 12262K, committed 12312K, reserved 12592K
}
Event: 10.292 GC heap before
{Heap before GC invocations=10 (full 0):
 PSYoungGen      total 36096K, used 36084K [0x9ce00000, 0xa0ac0000, 0xa7600000)
  eden space 31744K, 100% used [0x9ce00000,0x9ed00000,0x9ed00000)
  from space 4352K, 99% used [0x9ed00000,0x9f13d2e0,0x9f140000)
  to   space 5632K, 0% used [0xa0540000,0xa0540000,0xa0ac0000)
 ParOldGen       total 22016K, used 7769K [0x87e00000, 0x89380000, 0x9ce00000)
  object space 22016K, 35% used [0x87e00000,0x88596748,0x89380000)
 Metaspace       used 14447K, capacity 14724K, committed 14744K, reserved 15664K
Event: 10.318 GC heap after
Heap after GC invocations=10 (full 0):
 PSYoungGen      total 56064K, used 5122K [0x9ce00000, 0xa0bc0000, 0xa7600000)
  eden space 50432K, 0% used [0x9ce00000,0x9ce00000,0x9ff40000)
  from space 5632K, 90% used [0xa0540000,0xa0a40bb8,0xa0ac0000)
  to   space 6144K, 0% used [0x9ff40000,0x9ff40000,0xa0540000)
 ParOldGen       total 22016K, used 9944K [0x87e00000, 0x89380000, 0x9ce00000)
  object space 22016K, 45% used [0x87e00000,0x887b6058,0x89380000)
 Metaspace       used 14447K, capacity 14724K, committed 14744K, reserved 15664K
}
Event: 11.244 GC heap before
{Heap before GC invocations=11 (full 0):
 PSYoungGen      total 56064K, used 41989K [0x9ce00000, 0xa0bc0000, 0xa7600000)
  eden space 50432K, 73% used [0x9ce00000,0x9f200ab8,0x9ff40000)
  from space 5632K, 90% used [0xa0540000,0xa0a40bb8,0xa0ac0000)
  to   space 6144K, 0% used [0x9ff40000,0x9ff40000,0xa0540000)
 ParOldGen       total 22016K, used 9944K [0x87e00000, 0x89380000, 0x9ce00000)
  object space 22016K, 45% used [0x87e00000,0x887b6058,0x89380000)
 Metaspace       used 16122K, capacity 16364K, committed 16384K, reserved 16688K
Event: 11.263 GC heap after
Heap after GC invocations=11 (full 0):
 PSYoungGen      total 56576K, used 3354K [0x9ce00000, 0xa2900000, 0xa7600000)
  eden space 50432K, 0% used [0x9ce00000,0x9ce00000,0x9ff40000)
  from space 6144K, 54% used [0x9ff40000,0xa0286bb0,0xa0540000)
  to   space 6144K, 0% used [0xa2300000,0xa2300000,0xa2900000)
 ParOldGen       total 22016K, used 12467K [0x87e00000, 0x89380000, 0x9ce00000)
  object space 22016K, 56% used [0x87e00000,0x88a2cf70,0x89380000)
 Metaspace       used 16122K, capacity 16364K, committed 16384K, reserved 16688K
}
Event: 11.263 GC heap before
{Heap before GC invocations=12 (full 1):
 PSYoungGen      total 56576K, used 3354K [0x9ce00000, 0xa2900000, 0xa7600000)
  eden space 50432K, 0% used [0x9ce00000,0x9ce00000,0x9ff40000)
  from space 6144K, 54% used [0x9ff40000,0xa0286bb0,0xa0540000)
  to   space 6144K, 0% used [0xa2300000,0xa2300000,0xa2900000)
 ParOldGen       total 22016K, used 12467K [0x87e00000, 0x89380000, 0x9ce00000)
  object space 22016K, 56% used [0x87e00000,0x88a2cf70,0x89380000)
 Metaspace       used 16122K, capacity 16364K, committed 16384K, reserved 16688K
Event: 11.358 GC heap after
Heap after GC invocations=12 (full 1):
 PSYoungGen      total 56576K, used 0K [0x9ce00000, 0xa2900000, 0xa7600000)
  eden space 50432K, 0% used [0x9ce00000,0x9ce00000,0x9ff40000)
  from space 6144K, 0% used [0x9ff40000,0x9ff40000,0xa0540000)
  to   space 6144K, 0% used [0xa2300000,0xa2300000,0xa2900000)
 ParOldGen       total 24320K, used 9962K [0x87e00000, 0x895c0000, 0x9ce00000)
  object space 24320K, 40% used [0x87e00000,0x887ba9c0,0x895c0000)
 Metaspace       used 16122K, capacity 16364K, committed 16384K, reserved 16688K
}
Event: 14.556 GC heap before
{Heap before GC invocations=13 (full 1):
 PSYoungGen      total 56576K, used 50432K [0x9ce00000, 0xa2900000, 0xa7600000)
  eden space 50432K, 100% used [0x9ce00000,0x9ff40000,0x9ff40000)
  from space 6144K, 0% used [0x9ff40000,0x9ff40000,0xa0540000)
  to   space 6144K, 0% used [0xa2300000,0xa2300000,0xa2900000)
 ParOldGen       total 24320K, used 9962K [0x87e00000, 0x895c0000, 0x9ce00000)
  object space 24320K, 40% used [0x87e00000,0x887ba9c0,0x895c0000)
 Metaspace       used 17732K, capacity 17989K, committed 18048K, reserved 18736K
Event: 14.571 GC heap after
Heap after GC invocations=13 (full 1):
 PSYoungGen      total 72448K, used 3805K [0x9ce00000, 0xa26c0000, 0xa7600000)
  eden space 68608K, 0% used [0x9ce00000,0x9ce00000,0xa1100000)
  from space 3840K, 99% used [0xa2300000,0xa26b75a8,0xa26c0000)
  to   space 5888K, 0% used [0xa1b40000,0xa1b40000,0xa2100000)
 ParOldGen       total 24320K, used 9966K [0x87e00000, 0x895c0000, 0x9ce00000)
  object space 24320K, 40% used [0x87e00000,0x887bb9c0,0x895c0000)
 Metaspace       used 17732K, capacity 17989K, committed 18048K, reserved 18736K
}
Event: 18.717 GC heap before
{Heap before GC invocations=14 (full 1):
 PSYoungGen      total 72448K, used 72413K [0x9ce00000, 0xa26c0000, 0xa7600000)
  eden space 68608K, 100% used [0x9ce00000,0xa1100000,0xa1100000)
  from space 3840K, 99% used [0xa2300000,0xa26b75a8,0xa26c0000)
  to   space 5888K, 0% used [0xa1b40000,0xa1b40000,0xa2100000)
 ParOldGen       total 24320K, used 9966K [0x87e00000, 0x895c0000, 0x9ce00000)
  object space 24320K, 40% used [0x87e00000,0x887bb9c0,0x895c0000)
 Metaspace       used 20691K, capacity 21044K, committed 21120K, reserved 21808K

