# JRE version: OpenJDK Runtime Environment (8.0_151-b12) (build 1.8.0_151-8u151-b12-1-b12)
# Java VM: OpenJDK Server VM (25.151-b12 mixed mode linux-x86 )
Heap:
 PSYoungGen      total 147968K, used 24062K [0x9ce00000, 0xa7600000, 0xa7600000)
  eden space 123904K, 0% used [0x9ce00000,0x9ce00000,0xa4700000)
  from space 24064K, 99% used [0xa4700000,0xa5e7f998,0xa5e80000)
  to   space 24064K, 0% used [0xa5e80000,0xa5e80000,0xa7600000)
 ParOldGen       total 77056K, used 71075K [0x87e00000, 0x8c940000, 0x9ce00000)
  object space 77056K, 92% used [0x87e00000,0x8c368dd0,0x8c940000)
 Metaspace       used 43119K, capacity 44011K, committed 44032K, reserved 44336K
GC Heap History (10 events):
Event: 38.150 GC heap after
Heap after GC invocations=18 (full 3):
 PSYoungGen      total 154880K, used 0K [0x9ce00000, 0xa7600000, 0xa7600000)
  eden space 139264K, 0% used [0x9ce00000,0x9ce00000,0xa5600000)
  from space 15616K, 0% used [0xa5600000,0xa5600000,0xa6540000)
  to   space 16896K, 0% used [0xa6580000,0xa6580000,0xa7600000)
 ParOldGen       total 77056K, used 43016K [0x87e00000, 0x8c940000, 0x9ce00000)
  object space 77056K, 55% used [0x87e00000,0x8a8022b0,0x8c940000)
 Metaspace       used 36694K, capacity 37476K, committed 37504K, reserved 38192K
}
Event: 45.305 GC heap before
{Heap before GC invocations=19 (full 3):
 PSYoungGen      total 154880K, used 139264K [0x9ce00000, 0xa7600000, 0xa7600000)
  eden space 139264K, 100% used [0x9ce00000,0xa5600000,0xa5600000)
  from space 15616K, 0% used [0xa5600000,0xa5600000,0xa6540000)
  to   space 16896K, 0% used [0xa6580000,0xa6580000,0xa7600000)
 ParOldGen       total 77056K, used 43016K [0x87e00000, 0x8c940000, 0x9ce00000)
  object space 77056K, 55% used [0x87e00000,0x8a8022b0,0x8c940000)
 Metaspace       used 41882K, capacity 42637K, committed 42752K, reserved 43312K
Event: 45.383 GC heap after
Heap after GC invocations=19 (full 3):
 PSYoungGen      total 151040K, used 15570K [0x9ce00000, 0xa7600000, 0xa7600000)
  eden space 134144K, 0% used [0x9ce00000,0x9ce00000,0xa5100000)
  from space 16896K, 92% used [0xa6580000,0xa74b4850,0xa7600000)
  to   space 18944K, 0% used [0xa5100000,0xa5100000,0xa6380000)
 ParOldGen       total 77056K, used 43020K [0x87e00000, 0x8c940000, 0x9ce00000)
  object space 77056K, 55% used [0x87e00000,0x8a8032b0,0x8c940000)
 Metaspace       used 41882K, capacity 42637K, committed 42752K, reserved 43312K
}
Event: 48.293 GC heap before
{Heap before GC invocations=20 (full 3):
 PSYoungGen      total 151040K, used 149714K [0x9ce00000, 0xa7600000, 0xa7600000)
  eden space 134144K, 100% used [0x9ce00000,0xa5100000,0xa5100000)
  from space 16896K, 92% used [0xa6580000,0xa74b4850,0xa7600000)
  to   space 18944K, 0% used [0xa5100000,0xa5100000,0xa6380000)
 ParOldGen       total 77056K, used 43020K [0x87e00000, 0x8c940000, 0x9ce00000)
  object space 77056K, 55% used [0x87e00000,0x8a8032b0,0x8c940000)
 Metaspace       used 42082K, capacity 42889K, committed 43008K, reserved 43312K
Event: 48.369 GC heap after
Heap after GC invocations=20 (full 3):
 PSYoungGen      total 146432K, used 12122K [0x9ce00000, 0xa7600000, 0xa7600000)
  eden space 134144K, 0% used [0x9ce00000,0x9ce00000,0xa5100000)
  from space 12288K, 98% used [0xa5100000,0xa5cd6b08,0xa5d00000)
  to   space 19456K, 0% used [0xa6300000,0xa6300000,0xa7600000)
 ParOldGen       total 77056K, used 43024K [0x87e00000, 0x8c940000, 0x9ce00000)
  object space 77056K, 55% used [0x87e00000,0x8a8042b0,0x8c940000)
 Metaspace       used 42082K, capacity 42889K, committed 43008K, reserved 43312K
}
Event: 128.258 GC heap before
{Heap before GC invocations=21 (full 3):
 PSYoungGen      total 146432K, used 144308K [0x9ce00000, 0xa7600000, 0xa7600000)
  eden space 134144K, 98% used [0x9ce00000,0xa4f167d8,0xa5100000)
  from space 12288K, 98% used [0xa5100000,0xa5cd6b08,0xa5d00000)
  to   space 19456K, 0% used [0xa6300000,0xa6300000,0xa7600000)
 ParOldGen       total 77056K, used 43024K [0x87e00000, 0x8c940000, 0x9ce00000)
  object space 77056K, 55% used [0x87e00000,0x8a8042b0,0x8c940000)
 Metaspace       used 43056K, capacity 43974K, committed 44032K, reserved 44336K
Event: 128.316 GC heap after
Heap after GC invocations=21 (full 3):
 PSYoungGen      total 143360K, used 19451K [0x9ce00000, 0xa7600000, 0xa7600000)
  eden space 123904K, 0% used [0x9ce00000,0x9ce00000,0xa4700000)
  from space 19456K, 99% used [0xa6300000,0xa75fee08,0xa7600000)
  to   space 24064K, 0% used [0xa4700000,0xa4700000,0xa5e80000)
 ParOldGen       total 77056K, used 47460K [0x87e00000, 0x8c940000, 0x9ce00000)
  object space 77056K, 61% used [0x87e00000,0x8ac592a8,0x8c940000)
 Metaspace       used 43056K, capacity 43974K, committed 44032K, reserved 44336K
}
Event: 129.200 GC heap before
{Heap before GC invocations=22 (full 3):
 PSYoungGen      total 143360K, used 142602K [0x9ce00000, 0xa7600000, 0xa7600000)
  eden space 123904K, 99% used [0x9ce00000,0xa4643d60,0xa4700000)
  from space 19456K, 99% used [0xa6300000,0xa75fee08,0xa7600000)
  to   space 24064K, 0% used [0xa4700000,0xa4700000,0xa5e80000)
 ParOldGen       total 77056K, used 47460K [0x87e00000, 0x8c940000, 0x9ce00000)
  object space 77056K, 61% used [0x87e00000,0x8ac592a8,0x8c940000)
 Metaspace       used 43119K, capacity 44011K, committed 44032K, reserved 44336K
Event: 129.287 GC heap after
Heap after GC invocations=22 (full 3):
 PSYoungGen      total 147968K, used 24062K [0x9ce00000, 0xa7600000, 0xa7600000)
  eden space 123904K, 0% used [0x9ce00000,0x9ce00000,0xa4700000)
  from space 24064K, 99% used [0xa4700000,0xa5e7f998,0xa5e80000)
  to   space 24064K, 0% used [0xa5e80000,0xa5e80000,0xa7600000)
 ParOldGen       total 77056K, used 71075K [0x87e00000, 0x8c940000, 0x9ce00000)
  object space 77056K, 92% used [0x87e00000,0x8c368dd0,0x8c940000)
 Metaspace       used 43119K, capacity 44011K, committed 44032K, reserved 44336K
}
Event: 129.287 GC heap before
{Heap before GC invocations=23 (full 4):
 PSYoungGen      total 147968K, used 24062K [0x9ce00000, 0xa7600000, 0xa7600000)
  eden space 123904K, 0% used [0x9ce00000,0x9ce00000,0xa4700000)
  from space 24064K, 99% used [0xa4700000,0xa5e7f998,0xa5e80000)
  to   space 24064K, 0% used [0xa5e80000,0xa5e80000,0xa7600000)
 ParOldGen       total 77056K, used 71075K [0x87e00000, 0x8c940000, 0x9ce00000)
  object space 77056K, 92% used [0x87e00000,0x8c368dd0,0x8c940000)
 Metaspace       used 43119K, capacity 44011K, committed 44032K, reserved 44336K

