# JRE version: OpenJDK Runtime Environment (8.0_151-b12) (build 1.8.0_151-8u151-b12-1-b12)
# Java VM: OpenJDK Server VM (25.151-b12 mixed mode linux-x86 )
Heap:
 PSYoungGen      total 130048K, used 8045K [0x9cc00000, 0xa7280000, 0xa7400000)
  eden space 118528K, 0% used [0x9cc00000,0x9cc00000,0xa3fc0000)
  from space 11520K, 69% used [0xa3fc0000,0xa479b530,0xa4b00000)
  to   space 12032K, 0% used [0xa66c0000,0xa66c0000,0xa7280000)
 ParOldGen       total 40448K, used 33910K [0x87c00000, 0x8a380000, 0x9cc00000)
  object space 40448K, 83% used [0x87c00000,0x89d1d8d8,0x8a380000)
 Metaspace       used 36348K, capacity 37175K, committed 37248K, reserved 38192K
GC Heap History (10 events):
Event: 31.380 GC heap after
Heap after GC invocations=19 (full 2):
 PSYoungGen      total 83712K, used 0K [0x9cc00000, 0xa3a80000, 0xa7400000)
  eden space 76032K, 0% used [0x9cc00000,0x9cc00000,0xa1640000)
  from space 7680K, 0% used [0xa1640000,0xa1640000,0xa1dc0000)
  to   space 7680K, 0% used [0xa3300000,0xa3300000,0xa3a80000)
 ParOldGen       total 40448K, used 20467K [0x87c00000, 0x8a380000, 0x9cc00000)
  object space 40448K, 50% used [0x87c00000,0x88ffcff0,0x8a380000)
 Metaspace       used 26840K, capacity 27287K, committed 27308K, reserved 27952K
}
Event: 34.665 GC heap before
{Heap before GC invocations=20 (full 2):
 PSYoungGen      total 83712K, used 76032K [0x9cc00000, 0xa3a80000, 0xa7400000)
  eden space 76032K, 100% used [0x9cc00000,0xa1640000,0xa1640000)
  from space 7680K, 0% used [0xa1640000,0xa1640000,0xa1dc0000)
  to   space 7680K, 0% used [0xa3300000,0xa3300000,0xa3a80000)
 ParOldGen       total 40448K, used 20467K [0x87c00000, 0x8a380000, 0x9cc00000)
  object space 40448K, 50% used [0x87c00000,0x88ffcff0,0x8a380000)
 Metaspace       used 28719K, capacity 29357K, committed 29440K, reserved 30000K
Event: 34.707 GC heap after
Heap after GC invocations=20 (full 2):
 PSYoungGen      total 100864K, used 6425K [0x9cc00000, 0xa3980000, 0xa7400000)
  eden space 94208K, 0% used [0x9cc00000,0x9cc00000,0xa2800000)
  from space 6656K, 96% used [0xa3300000,0xa3946670,0xa3980000)
  to   space 8448K, 0% used [0xa2900000,0xa2900000,0xa3140000)
 ParOldGen       total 40448K, used 20471K [0x87c00000, 0x8a380000, 0x9cc00000)
  object space 40448K, 50% used [0x87c00000,0x88ffdff0,0x8a380000)
 Metaspace       used 28719K, capacity 29357K, committed 29440K, reserved 30000K
}
Event: 37.348 GC heap before
{Heap before GC invocations=21 (full 2):
 PSYoungGen      total 100864K, used 100633K [0x9cc00000, 0xa3980000, 0xa7400000)
  eden space 94208K, 100% used [0x9cc00000,0xa2800000,0xa2800000)
  from space 6656K, 96% used [0xa3300000,0xa3946670,0xa3980000)
  to   space 8448K, 0% used [0xa2900000,0xa2900000,0xa3140000)
 ParOldGen       total 40448K, used 20471K [0x87c00000, 0x8a380000, 0x9cc00000)
  object space 40448K, 50% used [0x87c00000,0x88ffdff0,0x8a380000)
 Metaspace       used 31720K, capacity 32443K, committed 32512K, reserved 33072K
Event: 37.433 GC heap after
Heap after GC invocations=21 (full 2):
 PSYoungGen      total 103680K, used 8434K [0x9cc00000, 0xa5640000, 0xa7400000)
  eden space 95232K, 0% used [0x9cc00000,0x9cc00000,0xa2900000)
  from space 8448K, 99% used [0xa2900000,0xa313c8d8,0xa3140000)
  to   space 11520K, 0% used [0xa4b00000,0xa4b00000,0xa5640000)
 ParOldGen       total 40448K, used 25850K [0x87c00000, 0x8a380000, 0x9cc00000)
  object space 40448K, 63% used [0x87c00000,0x8953e898,0x8a380000)
 Metaspace       used 31720K, capacity 32443K, committed 32512K, reserved 33072K
}
Event: 39.966 GC heap before
{Heap before GC invocations=22 (full 2):
 PSYoungGen      total 103680K, used 103666K [0x9cc00000, 0xa5640000, 0xa7400000)
  eden space 95232K, 100% used [0x9cc00000,0xa2900000,0xa2900000)
  from space 8448K, 99% used [0xa2900000,0xa313c8d8,0xa3140000)
  to   space 11520K, 0% used [0xa4b00000,0xa4b00000,0xa5640000)
 ParOldGen       total 40448K, used 25850K [0x87c00000, 0x8a380000, 0x9cc00000)
  object space 40448K, 63% used [0x87c00000,0x8953e898,0x8a380000)
 Metaspace       used 32501K, capacity 33276K, committed 33408K, reserved 34096K
Event: 40.020 GC heap after
Heap after GC invocations=22 (full 2):
 PSYoungGen      total 130048K, used 1846K [0x9cc00000, 0xa5780000, 0xa7400000)
  eden space 118528K, 0% used [0x9cc00000,0x9cc00000,0xa3fc0000)
  from space 11520K, 16% used [0xa4b00000,0xa4ccdb20,0xa5640000)
  to   space 11520K, 0% used [0xa3fc0000,0xa3fc0000,0xa4b00000)
 ParOldGen       total 40448K, used 33020K [0x87c00000, 0x8a380000, 0x9cc00000)
  object space 40448K, 81% used [0x87c00000,0x89c3f048,0x8a380000)
 Metaspace       used 32501K, capacity 33276K, committed 33408K, reserved 34096K
}
Event: 49.682 GC heap before
{Heap before GC invocations=23 (full 2):
 PSYoungGen      total 130048K, used 120100K [0x9cc00000, 0xa5780000, 0xa7400000)
  eden space 118528K, 99% used [0x9cc00000,0xa3f7b6b8,0xa3fc0000)
  from space 11520K, 16% used [0xa4b00000,0xa4ccdb20,0xa5640000)
  to   space 11520K, 0% used [0xa3fc0000,0xa3fc0000,0xa4b00000)
 ParOldGen       total 40448K, used 33020K [0x87c00000, 0x8a380000, 0x9cc00000)
  object space 40448K, 81% used [0x87c00000,0x89c3f048,0x8a380000)
 Metaspace       used 36348K, capacity 37175K, committed 37248K, reserved 38192K
Event: 49.714 GC heap after
Heap after GC invocations=23 (full 2):
 PSYoungGen      total 130048K, used 8045K [0x9cc00000, 0xa7280000, 0xa7400000)
  eden space 118528K, 0% used [0x9cc00000,0x9cc00000,0xa3fc0000)
  from space 11520K, 69% used [0xa3fc0000,0xa479b530,0xa4b00000)
  to   space 12032K, 0% used [0xa66c0000,0xa66c0000,0xa7280000)
 ParOldGen       total 40448K, used 33910K [0x87c00000, 0x8a380000, 0x9cc00000)
  object space 40448K, 83% used [0x87c00000,0x89d1d8d8,0x8a380000)
 Metaspace       used 36348K, capacity 37175K, committed 37248K, reserved 38192K
}
Event: 49.714 GC heap before
{Heap before GC invocations=24 (full 3):
 PSYoungGen      total 130048K, used 8045K [0x9cc00000, 0xa7280000, 0xa7400000)
  eden space 118528K, 0% used [0x9cc00000,0x9cc00000,0xa3fc0000)
  from space 11520K, 69% used [0xa3fc0000,0xa479b530,0xa4b00000)
  to   space 12032K, 0% used [0xa66c0000,0xa66c0000,0xa7280000)
 ParOldGen       total 40448K, used 33910K [0x87c00000, 0x8a380000, 0x9cc00000)
  object space 40448K, 83% used [0x87c00000,0x89d1d8d8,0x8a380000)
 Metaspace       used 36348K, capacity 37175K, committed 37248K, reserved 38192K

