# JRE version: OpenJDK Runtime Environment (8.0_151-b12) (build 1.8.0_151-8u151-b12-1-b12)
# Java VM: OpenJDK Server VM (25.151-b12 mixed mode linux-x86 )
Heap:
 PSYoungGen      total 77056K, used 8184K [0x9ce00000, 0xa2300000, 0xa7600000)
  eden space 68864K, 0% used [0x9ce00000,0x9ce00000,0xa1140000)
  from space 8192K, 99% used [0xa1140000,0xa193e210,0xa1940000)
  to   space 6656K, 0% used [0xa1940000,0xa1940000,0xa1fc0000)
 ParOldGen       total 42240K, used 28347K [0x87e00000, 0x8a740000, 0x9ce00000)
  object space 42240K, 67% used [0x87e00000,0x899aeca8,0x8a740000)
 Metaspace       used 32169K, capacity 32894K, committed 32896K, reserved 33072K
GC Heap History (10 events):
Event: 32.548 GC heap after
Heap after GC invocations=22 (full 1):
 PSYoungGen      total 51968K, used 4089K [0x9ce00000, 0xa1540000, 0xa7600000)
  eden space 47872K, 0% used [0x9ce00000,0x9ce00000,0x9fcc0000)
  from space 4096K, 99% used [0x9fcc0000,0xa00be518,0xa00c0000)
  to   space 5888K, 0% used [0xa0f80000,0xa0f80000,0xa1540000)
 ParOldGen       total 22784K, used 16292K [0x87e00000, 0x89440000, 0x9ce00000)
  object space 22784K, 71% used [0x87e00000,0x88de9378,0x89440000)
 Metaspace       used 22533K, capacity 22958K, committed 23040K, reserved 23856K
}
Event: 35.441 GC heap before
{Heap before GC invocations=23 (full 1):
 PSYoungGen      total 51968K, used 51961K [0x9ce00000, 0xa1540000, 0xa7600000)
  eden space 47872K, 100% used [0x9ce00000,0x9fcc0000,0x9fcc0000)
  from space 4096K, 99% used [0x9fcc0000,0xa00be518,0xa00c0000)
  to   space 5888K, 0% used [0xa0f80000,0xa0f80000,0xa1540000)
 ParOldGen       total 22784K, used 16292K [0x87e00000, 0x89440000, 0x9ce00000)
  object space 22784K, 71% used [0x87e00000,0x88de9378,0x89440000)
 Metaspace       used 26541K, capacity 26988K, committed 27136K, reserved 27952K
Event: 35.477 GC heap after
Heap after GC invocations=23 (full 1):
 PSYoungGen      total 66816K, used 4318K [0x9ce00000, 0xa1580000, 0xa7600000)
  eden space 60928K, 0% used [0x9ce00000,0x9ce00000,0xa0980000)
  from space 5888K, 73% used [0xa0f80000,0xa13b7948,0xa1540000)
  to   space 6144K, 0% used [0xa0980000,0xa0980000,0xa0f80000)
 ParOldGen       total 22784K, used 20391K [0x87e00000, 0x89440000, 0x9ce00000)
  object space 22784K, 89% used [0x87e00000,0x891e9c00,0x89440000)
 Metaspace       used 26541K, capacity 26988K, committed 27136K, reserved 27952K
}
Event: 35.488 GC heap before
{Heap before GC invocations=24 (full 2):
 PSYoungGen      total 66816K, used 4318K [0x9ce00000, 0xa1580000, 0xa7600000)
  eden space 60928K, 0% used [0x9ce00000,0x9ce00000,0xa0980000)
  from space 5888K, 73% used [0xa0f80000,0xa13b7948,0xa1540000)
  to   space 6144K, 0% used [0xa0980000,0xa0980000,0xa0f80000)
 ParOldGen       total 22784K, used 20391K [0x87e00000, 0x89440000, 0x9ce00000)
  object space 22784K, 89% used [0x87e00000,0x891e9c00,0x89440000)
 Metaspace       used 26541K, capacity 26988K, committed 27136K, reserved 27952K
Event: 35.848 GC heap after
Heap after GC invocations=24 (full 2):
 PSYoungGen      total 66816K, used 0K [0x9ce00000, 0xa1580000, 0xa7600000)
  eden space 60928K, 0% used [0x9ce00000,0x9ce00000,0xa0980000)
  from space 5888K, 0% used [0xa0f80000,0xa0f80000,0xa1540000)
  to   space 6144K, 0% used [0xa0980000,0xa0980000,0xa0f80000)
 ParOldGen       total 42240K, used 20095K [0x87e00000, 0x8a740000, 0x9ce00000)
  object space 42240K, 47% used [0x87e00000,0x8919ffb8,0x8a740000)
 Metaspace       used 26541K, capacity 26988K, committed 27136K, reserved 27952K
}
Event: 70.019 GC heap before
{Heap before GC invocations=25 (full 2):
 PSYoungGen      total 66816K, used 60928K [0x9ce00000, 0xa1580000, 0xa7600000)
  eden space 60928K, 100% used [0x9ce00000,0xa0980000,0xa0980000)
  from space 5888K, 0% used [0xa0f80000,0xa0f80000,0xa1540000)
  to   space 6144K, 0% used [0xa0980000,0xa0980000,0xa0f80000)
 ParOldGen       total 42240K, used 20095K [0x87e00000, 0x8a740000, 0x9ce00000)
  object space 42240K, 47% used [0x87e00000,0x8919ffb8,0x8a740000)
 Metaspace       used 28218K, capacity 28811K, committed 28928K, reserved 28976K
Event: 70.181 GC heap after
Heap after GC invocations=25 (full 2):
 PSYoungGen      total 67072K, used 4911K [0x9ce00000, 0xa1fc0000, 0xa7600000)
  eden space 60928K, 0% used [0x9ce00000,0x9ce00000,0xa0980000)
  from space 6144K, 79% used [0xa0980000,0xa0e4bca8,0xa0f80000)
  to   space 6656K, 0% used [0xa1940000,0xa1940000,0xa1fc0000)
 ParOldGen       total 42240K, used 20099K [0x87e00000, 0x8a740000, 0x9ce00000)
  object space 42240K, 47% used [0x87e00000,0x891a0fb8,0x8a740000)
 Metaspace       used 28218K, capacity 28811K, committed 28928K, reserved 28976K
}
Event: 165.529 GC heap before
{Heap before GC invocations=26 (full 2):
 PSYoungGen      total 67072K, used 65839K [0x9ce00000, 0xa1fc0000, 0xa7600000)
  eden space 60928K, 100% used [0x9ce00000,0xa0980000,0xa0980000)
  from space 6144K, 79% used [0xa0980000,0xa0e4bca8,0xa0f80000)
  to   space 6656K, 0% used [0xa1940000,0xa1940000,0xa1fc0000)
 ParOldGen       total 42240K, used 20099K [0x87e00000, 0x8a740000, 0x9ce00000)
  object space 42240K, 47% used [0x87e00000,0x891a0fb8,0x8a740000)
 Metaspace       used 30239K, capacity 30966K, committed 30976K, reserved 31024K
Event: 167.374 GC heap after
Heap after GC invocations=26 (full 2):
 PSYoungGen      total 75520K, used 6650K [0x9ce00000, 0xa2300000, 0xa7600000)
  eden space 68864K, 0% used [0x9ce00000,0x9ce00000,0xa1140000)
  from space 6656K, 99% used [0xa1940000,0xa1fbe820,0xa1fc0000)
  to   space 8192K, 0% used [0xa1140000,0xa1140000,0xa1940000)
 ParOldGen       total 42240K, used 21433K [0x87e00000, 0x8a740000, 0x9ce00000)
  object space 42240K, 50% used [0x87e00000,0x892ee640,0x8a740000)
 Metaspace       used 30239K, capacity 30966K, committed 30976K, reserved 31024K
}
Event: 242.253 GC heap before
{Heap before GC invocations=27 (full 2):
 PSYoungGen      total 75520K, used 75514K [0x9ce00000, 0xa2300000, 0xa7600000)
  eden space 68864K, 100% used [0x9ce00000,0xa1140000,0xa1140000)
  from space 6656K, 99% used [0xa1940000,0xa1fbe820,0xa1fc0000)
  to   space 8192K, 0% used [0xa1140000,0xa1140000,0xa1940000)
 ParOldGen       total 42240K, used 21433K [0x87e00000, 0x8a740000, 0x9ce00000)
  object space 42240K, 50% used [0x87e00000,0x892ee640,0x8a740000)
 Metaspace       used 32169K, capacity 32894K, committed 32896K, reserved 33072K

