# JRE version: OpenJDK Runtime Environment (8.0_151-b12) (build 1.8.0_151-8u151-b12-1-b12)
# Java VM: OpenJDK Server VM (25.151-b12 mixed mode linux-x86 )
Heap:
 PSYoungGen      total 84224K, used 6653K [0x9ce00000, 0xa3200000, 0xa7600000)
  eden space 77568K, 0% used [0x9ce00000,0x9ce00000,0xa19c0000)
  from space 6656K, 99% used [0xa2b80000,0xa31ff510,0xa3200000)
  to   space 5888K, 0% used [0xa19c0000,0xa19c0000,0xa1f80000)
 ParOldGen       total 25600K, used 17609K [0x87e00000, 0x89700000, 0x9ce00000)
  object space 25600K, 68% used [0x87e00000,0x88f32560,0x89700000)
 Metaspace       used 24378K, capacity 24799K, committed 24960K, reserved 25904K
GC Heap History (10 events):
Event: 9.285 GC heap after
Heap after GC invocations=10 (full 0):
 PSYoungGen      total 55296K, used 5034K [0x9ce00000, 0xa0b00000, 0xa7600000)
  eden space 49664K, 0% used [0x9ce00000,0x9ce00000,0x9fe80000)
  from space 5632K, 89% used [0xa0480000,0xa096a810,0xa0a00000)
  to   space 6144K, 0% used [0x9fe80000,0x9fe80000,0xa0480000)
 ParOldGen       total 22016K, used 10174K [0x87e00000, 0x89380000, 0x9ce00000)
  object space 22016K, 46% used [0x87e00000,0x887efbf0,0x89380000)
 Metaspace       used 13885K, capacity 14007K, committed 14104K, reserved 14640K
}
Event: 10.611 GC heap before
{Heap before GC invocations=11 (full 0):
 PSYoungGen      total 55296K, used 43275K [0x9ce00000, 0xa0b00000, 0xa7600000)
  eden space 49664K, 76% used [0x9ce00000,0x9f358450,0x9fe80000)
  from space 5632K, 89% used [0xa0480000,0xa096a810,0xa0a00000)
  to   space 6144K, 0% used [0x9fe80000,0x9fe80000,0xa0480000)
 ParOldGen       total 22016K, used 10174K [0x87e00000, 0x89380000, 0x9ce00000)
  object space 22016K, 46% used [0x87e00000,0x887efbf0,0x89380000)
 Metaspace       used 16134K, capacity 16364K, committed 16384K, reserved 16688K
Event: 10.632 GC heap after
Heap after GC invocations=11 (full 0):
 PSYoungGen      total 55808K, used 3560K [0x9ce00000, 0xa2740000, 0xa7600000)
  eden space 49664K, 0% used [0x9ce00000,0x9ce00000,0x9fe80000)
  from space 6144K, 57% used [0x9fe80000,0xa01fa2d0,0xa0480000)
  to   space 5888K, 0% used [0xa2180000,0xa2180000,0xa2740000)
 ParOldGen       total 22016K, used 12524K [0x87e00000, 0x89380000, 0x9ce00000)
  object space 22016K, 56% used [0x87e00000,0x88a3b150,0x89380000)
 Metaspace       used 16134K, capacity 16364K, committed 16384K, reserved 16688K
}
Event: 10.632 GC heap before
{Heap before GC invocations=12 (full 1):
 PSYoungGen      total 55808K, used 3560K [0x9ce00000, 0xa2740000, 0xa7600000)
  eden space 49664K, 0% used [0x9ce00000,0x9ce00000,0x9fe80000)
  from space 6144K, 57% used [0x9fe80000,0xa01fa2d0,0xa0480000)
  to   space 5888K, 0% used [0xa2180000,0xa2180000,0xa2740000)
 ParOldGen       total 22016K, used 12524K [0x87e00000, 0x89380000, 0x9ce00000)
  object space 22016K, 56% used [0x87e00000,0x88a3b150,0x89380000)
 Metaspace       used 16134K, capacity 16364K, committed 16384K, reserved 16688K
Event: 10.734 GC heap after
Heap after GC invocations=12 (full 1):
 PSYoungGen      total 55808K, used 0K [0x9ce00000, 0xa2740000, 0xa7600000)
  eden space 49664K, 0% used [0x9ce00000,0x9ce00000,0x9fe80000)
  from space 6144K, 0% used [0x9fe80000,0x9fe80000,0xa0480000)
  to   space 5888K, 0% used [0xa2180000,0xa2180000,0xa2740000)
 ParOldGen       total 25600K, used 10990K [0x87e00000, 0x89700000, 0x9ce00000)
  object space 25600K, 42% used [0x87e00000,0x888bb978,0x89700000)
 Metaspace       used 16134K, capacity 16364K, committed 16384K, reserved 16688K
}
Event: 13.076 GC heap before
{Heap before GC invocations=13 (full 1):
 PSYoungGen      total 55808K, used 49664K [0x9ce00000, 0xa2740000, 0xa7600000)
  eden space 49664K, 100% used [0x9ce00000,0x9fe80000,0x9fe80000)
  from space 6144K, 0% used [0x9fe80000,0x9fe80000,0xa0480000)
  to   space 5888K, 0% used [0xa2180000,0xa2180000,0xa2740000)
 ParOldGen       total 25600K, used 10990K [0x87e00000, 0x89700000, 0x9ce00000)
  object space 25600K, 42% used [0x87e00000,0x888bb978,0x89700000)
 Metaspace       used 17716K, capacity 17989K, committed 18048K, reserved 18736K
Event: 13.088 GC heap after
Heap after GC invocations=13 (full 1):
 PSYoungGen      total 70400K, used 3730K [0x9ce00000, 0xa2540000, 0xa7600000)
  eden space 66560K, 0% used [0x9ce00000,0x9ce00000,0xa0f00000)
  from space 3840K, 97% used [0xa2180000,0xa2524880,0xa2540000)
  to   space 5888K, 0% used [0xa19c0000,0xa19c0000,0xa1f80000)
 ParOldGen       total 25600K, used 10994K [0x87e00000, 0x89700000, 0x9ce00000)
  object space 25600K, 42% used [0x87e00000,0x888bc978,0x89700000)
 Metaspace       used 17716K, capacity 17989K, committed 18048K, reserved 18736K
}
Event: 15.537 GC heap before
{Heap before GC invocations=14 (full 1):
 PSYoungGen      total 70400K, used 70290K [0x9ce00000, 0xa2540000, 0xa7600000)
  eden space 66560K, 100% used [0x9ce00000,0xa0f00000,0xa0f00000)
  from space 3840K, 97% used [0xa2180000,0xa2524880,0xa2540000)
  to   space 5888K, 0% used [0xa19c0000,0xa19c0000,0xa1f80000)
 ParOldGen       total 25600K, used 10994K [0x87e00000, 0x89700000, 0x9ce00000)
  object space 25600K, 42% used [0x87e00000,0x888bc978,0x89700000)
 Metaspace       used 20556K, capacity 20884K, committed 20992K, reserved 21808K
Event: 15.569 GC heap after
Heap after GC invocations=14 (full 1):
 PSYoungGen      total 83456K, used 5622K [0x9ce00000, 0xa3200000, 0xa7600000)
  eden space 77568K, 0% used [0x9ce00000,0x9ce00000,0xa19c0000)
  from space 5888K, 95% used [0xa19c0000,0xa1f3d988,0xa1f80000)
  to   space 6656K, 0% used [0xa2b80000,0xa2b80000,0xa3200000)
 ParOldGen       total 25600K, used 12788K [0x87e00000, 0x89700000, 0x9ce00000)
  object space 25600K, 49% used [0x87e00000,0x88a7d1c8,0x89700000)
 Metaspace       used 20556K, capacity 20884K, committed 20992K, reserved 21808K
}
Event: 27.360 GC heap before
{Heap before GC invocations=15 (full 1):
 PSYoungGen      total 83456K, used 83190K [0x9ce00000, 0xa3200000, 0xa7600000)
  eden space 77568K, 100% used [0x9ce00000,0xa19c0000,0xa19c0000)
  from space 5888K, 95% used [0xa19c0000,0xa1f3d988,0xa1f80000)
  to   space 6656K, 0% used [0xa2b80000,0xa2b80000,0xa3200000)
 ParOldGen       total 25600K, used 12788K [0x87e00000, 0x89700000, 0x9ce00000)
  object space 25600K, 49% used [0x87e00000,0x88a7d1c8,0x89700000)
 Metaspace       used 24378K, capacity 24799K, committed 24960K, reserved 25904K

