# JRE version: OpenJDK Runtime Environment (8.0_151-b12) (build 1.8.0_151-8u151-b12-1-b12)
# Java VM: OpenJDK Server VM (25.151-b12 mixed mode linux-x86 )
Heap:
 PSYoungGen      total 85248K, used 6641K [0x9ce00000, 0xa2e40000, 0xa7600000)
  eden space 78592K, 0% used [0x9ce00000,0x9ce00000,0xa1ac0000)
  from space 6656K, 99% used [0xa27c0000,0xa2e3c630,0xa2e40000)
  to   space 6144K, 0% used [0xa1ac0000,0xa1ac0000,0xa20c0000)
 ParOldGen       total 25344K, used 17342K [0x87e00000, 0x896c0000, 0x9ce00000)
  object space 25344K, 68% used [0x87e00000,0x88eefa40,0x896c0000)
 Metaspace       used 26362K, capacity 26761K, committed 26880K, reserved 26928K
GC Heap History (10 events):
Event: 9.037 GC heap after
Heap after GC invocations=10 (full 0):
 PSYoungGen      total 56320K, used 5133K [0x9ce00000, 0xa0c40000, 0xa7600000)
  eden space 50432K, 0% used [0x9ce00000,0x9ce00000,0x9ff40000)
  from space 5888K, 87% used [0xa0580000,0xa0a83798,0xa0b40000)
  to   space 6400K, 0% used [0x9ff40000,0x9ff40000,0xa0580000)
 ParOldGen       total 22016K, used 9850K [0x87e00000, 0x89380000, 0x9ce00000)
  object space 22016K, 44% used [0x87e00000,0x8879eb68,0x89380000)
 Metaspace       used 14440K, capacity 14714K, committed 14744K, reserved 15664K
}
Event: 10.326 GC heap before
{Heap before GC invocations=11 (full 0):
 PSYoungGen      total 56320K, used 42699K [0x9ce00000, 0xa0c40000, 0xa7600000)
  eden space 50432K, 74% used [0x9ce00000,0x9f2af758,0x9ff40000)
  from space 5888K, 87% used [0xa0580000,0xa0a83798,0xa0b40000)
  to   space 6400K, 0% used [0x9ff40000,0x9ff40000,0xa0580000)
 ParOldGen       total 22016K, used 9850K [0x87e00000, 0x89380000, 0x9ce00000)
  object space 22016K, 44% used [0x87e00000,0x8879eb68,0x89380000)
 Metaspace       used 16122K, capacity 16364K, committed 16384K, reserved 16688K
Event: 10.348 GC heap after
Heap after GC invocations=11 (full 0):
 PSYoungGen      total 56832K, used 3370K [0x9ce00000, 0xa2900000, 0xa7600000)
  eden space 50432K, 0% used [0x9ce00000,0x9ce00000,0x9ff40000)
  from space 6400K, 52% used [0x9ff40000,0xa028abb0,0xa0580000)
  to   space 6144K, 0% used [0xa2300000,0xa2300000,0xa2900000)
 ParOldGen       total 22016K, used 12352K [0x87e00000, 0x89380000, 0x9ce00000)
  object space 22016K, 56% used [0x87e00000,0x88a100c8,0x89380000)
 Metaspace       used 16122K, capacity 16364K, committed 16384K, reserved 16688K
}
Event: 10.348 GC heap before
{Heap before GC invocations=12 (full 1):
 PSYoungGen      total 56832K, used 3370K [0x9ce00000, 0xa2900000, 0xa7600000)
  eden space 50432K, 0% used [0x9ce00000,0x9ce00000,0x9ff40000)
  from space 6400K, 52% used [0x9ff40000,0xa028abb0,0xa0580000)
  to   space 6144K, 0% used [0xa2300000,0xa2300000,0xa2900000)
 ParOldGen       total 22016K, used 12352K [0x87e00000, 0x89380000, 0x9ce00000)
  object space 22016K, 56% used [0x87e00000,0x88a100c8,0x89380000)
 Metaspace       used 16122K, capacity 16364K, committed 16384K, reserved 16688K
Event: 10.493 GC heap after
Heap after GC invocations=12 (full 1):
 PSYoungGen      total 56832K, used 0K [0x9ce00000, 0xa2900000, 0xa7600000)
  eden space 50432K, 0% used [0x9ce00000,0x9ce00000,0x9ff40000)
  from space 6400K, 0% used [0x9ff40000,0x9ff40000,0xa0580000)
  to   space 6144K, 0% used [0xa2300000,0xa2300000,0xa2900000)
 ParOldGen       total 25344K, used 9958K [0x87e00000, 0x896c0000, 0x9ce00000)
  object space 25344K, 39% used [0x87e00000,0x887b9940,0x896c0000)
 Metaspace       used 16122K, capacity 16364K, committed 16384K, reserved 16688K
}
Event: 13.111 GC heap before
{Heap before GC invocations=13 (full 1):
 PSYoungGen      total 56832K, used 50432K [0x9ce00000, 0xa2900000, 0xa7600000)
  eden space 50432K, 100% used [0x9ce00000,0x9ff40000,0x9ff40000)
  from space 6400K, 0% used [0x9ff40000,0x9ff40000,0xa0580000)
  to   space 6144K, 0% used [0xa2300000,0xa2300000,0xa2900000)
 ParOldGen       total 25344K, used 9958K [0x87e00000, 0x896c0000, 0x9ce00000)
  object space 25344K, 39% used [0x87e00000,0x887b9940,0x896c0000)
 Metaspace       used 17740K, capacity 18021K, committed 18176K, reserved 18736K
Event: 13.129 GC heap after
Heap after GC invocations=13 (full 1):
 PSYoungGen      total 69376K, used 3804K [0x9ce00000, 0xa26c0000, 0xa7600000)
  eden space 65536K, 0% used [0x9ce00000,0x9ce00000,0xa0e00000)
  from space 3840K, 99% used [0xa2300000,0xa26b71c0,0xa26c0000)
  to   space 6144K, 0% used [0xa1ac0000,0xa1ac0000,0xa20c0000)
 ParOldGen       total 25344K, used 9962K [0x87e00000, 0x896c0000, 0x9ce00000)
  object space 25344K, 39% used [0x87e00000,0x887ba940,0x896c0000)
 Metaspace       used 17740K, capacity 18021K, committed 18176K, reserved 18736K
}
Event: 15.611 GC heap before
{Heap before GC invocations=14 (full 1):
 PSYoungGen      total 69376K, used 69340K [0x9ce00000, 0xa26c0000, 0xa7600000)
  eden space 65536K, 100% used [0x9ce00000,0xa0e00000,0xa0e00000)
  from space 3840K, 99% used [0xa2300000,0xa26b71c0,0xa26c0000)
  to   space 6144K, 0% used [0xa1ac0000,0xa1ac0000,0xa20c0000)
 ParOldGen       total 25344K, used 9962K [0x87e00000, 0x896c0000, 0x9ce00000)
  object space 25344K, 39% used [0x87e00000,0x887ba940,0x896c0000)
 Metaspace       used 20591K, capacity 20916K, committed 20992K, reserved 21808K
Event: 15.649 GC heap after
Heap after GC invocations=14 (full 1):
 PSYoungGen      total 84736K, used 5510K [0x9ce00000, 0xa2e40000, 0xa7600000)
  eden space 78592K, 0% used [0x9ce00000,0x9ce00000,0xa1ac0000)
  from space 6144K, 89% used [0xa1ac0000,0xa2021ad0,0xa20c0000)
  to   space 6656K, 0% used [0xa27c0000,0xa27c0000,0xa2e40000)
 ParOldGen       total 25344K, used 11844K [0x87e00000, 0x896c0000, 0x9ce00000)
  object space 25344K, 46% used [0x87e00000,0x88991190,0x896c0000)
 Metaspace       used 20591K, capacity 20916K, committed 20992K, reserved 21808K
}
Event: 19.578 GC heap before
{Heap before GC invocations=15 (full 1):
 PSYoungGen      total 84736K, used 84102K [0x9ce00000, 0xa2e40000, 0xa7600000)
  eden space 78592K, 100% used [0x9ce00000,0xa1ac0000,0xa1ac0000)
  from space 6144K, 89% used [0xa1ac0000,0xa2021ad0,0xa20c0000)
  to   space 6656K, 0% used [0xa27c0000,0xa27c0000,0xa2e40000)
 ParOldGen       total 25344K, used 11844K [0x87e00000, 0x896c0000, 0x9ce00000)
  object space 25344K, 46% used [0x87e00000,0x88991190,0x896c0000)
 Metaspace       used 26362K, capacity 26761K, committed 26880K, reserved 26928K

