# JRE version: OpenJDK Runtime Environment (8.0_151-b12) (build 1.8.0_151-8u151-b12-1-b12)
# Java VM: OpenJDK Server VM (25.151-b12 mixed mode linux-x86 )
Heap:
 PSYoungGen      total 94208K, used 0K [0x9ce00000, 0xa4d00000, 0xa7600000)
  eden space 84736K, 0% used [0x9ce00000,0x9ce00000,0xa20c0000)
  from space 9472K, 0% used [0xa20c0000,0xa20c0000,0xa2a00000)
  to   space 9472K, 0% used [0xa43c0000,0xa43c0000,0xa4d00000)
 ParOldGen       total 25088K, used 19821K [0x87e00000, 0x89680000, 0x9ce00000)
  object space 25088K, 79% used [0x87e00000,0x8915b638,0x89680000)
 Metaspace       used 26835K, capacity 27297K, committed 27308K, reserved 27952K
GC Heap History (10 events):
Event: 10.423 GC heap after
Heap after GC invocations=12 (full 1):
 PSYoungGen      total 56832K, used 0K [0x9ce00000, 0xa2900000, 0xa7600000)
  eden space 50432K, 0% used [0x9ce00000,0x9ce00000,0x9ff40000)
  from space 6400K, 0% used [0x9ff40000,0x9ff40000,0xa0580000)
  to   space 6144K, 0% used [0xa2300000,0xa2300000,0xa2900000)
 ParOldGen       total 25088K, used 10203K [0x87e00000, 0x89680000, 0x9ce00000)
  object space 25088K, 40% used [0x87e00000,0x887f6d40,0x89680000)
 Metaspace       used 16145K, capacity 16364K, committed 16384K, reserved 16688K
}
Event: 12.768 GC heap before
{Heap before GC invocations=13 (full 1):
 PSYoungGen      total 56832K, used 50432K [0x9ce00000, 0xa2900000, 0xa7600000)
  eden space 50432K, 100% used [0x9ce00000,0x9ff40000,0x9ff40000)
  from space 6400K, 0% used [0x9ff40000,0x9ff40000,0xa0580000)
  to   space 6144K, 0% used [0xa2300000,0xa2300000,0xa2900000)
 ParOldGen       total 25088K, used 10203K [0x87e00000, 0x89680000, 0x9ce00000)
  object space 25088K, 40% used [0x87e00000,0x887f6d40,0x89680000)
 Metaspace       used 17754K, capacity 18021K, committed 18176K, reserved 18736K
Event: 12.780 GC heap after
Heap after GC invocations=13 (full 1):
 PSYoungGen      total 70400K, used 3816K [0x9ce00000, 0xa26c0000, 0xa7600000)
  eden space 66560K, 0% used [0x9ce00000,0x9ce00000,0xa0f00000)
  from space 3840K, 99% used [0xa2300000,0xa26ba018,0xa26c0000)
  to   space 6144K, 0% used [0xa1ac0000,0xa1ac0000,0xa20c0000)
 ParOldGen       total 25088K, used 10207K [0x87e00000, 0x89680000, 0x9ce00000)
  object space 25088K, 40% used [0x87e00000,0x887f7d40,0x89680000)
 Metaspace       used 17754K, capacity 18021K, committed 18176K, reserved 18736K
}
Event: 14.581 GC heap before
{Heap before GC invocations=14 (full 1):
 PSYoungGen      total 70400K, used 70376K [0x9ce00000, 0xa26c0000, 0xa7600000)
  eden space 66560K, 100% used [0x9ce00000,0xa0f00000,0xa0f00000)
  from space 3840K, 99% used [0xa2300000,0xa26ba018,0xa26c0000)
  to   space 6144K, 0% used [0xa1ac0000,0xa1ac0000,0xa20c0000)
 ParOldGen       total 25088K, used 10207K [0x87e00000, 0x89680000, 0x9ce00000)
  object space 25088K, 40% used [0x87e00000,0x887f7d40,0x89680000)
 Metaspace       used 20581K, capacity 20916K, committed 20992K, reserved 21808K
Event: 14.606 GC heap after
Heap after GC invocations=14 (full 1):
 PSYoungGen      total 84736K, used 5510K [0x9ce00000, 0xa3080000, 0xa7600000)
  eden space 78592K, 0% used [0x9ce00000,0x9ce00000,0xa1ac0000)
  from space 6144K, 89% used [0xa1ac0000,0xa20219e8,0xa20c0000)
  to   space 6656K, 0% used [0xa2a00000,0xa2a00000,0xa3080000)
 ParOldGen       total 25088K, used 12091K [0x87e00000, 0x89680000, 0x9ce00000)
  object space 25088K, 48% used [0x87e00000,0x889ceda0,0x89680000)
 Metaspace       used 20581K, capacity 20916K, committed 20992K, reserved 21808K
}
Event: 19.246 GC heap before
{Heap before GC invocations=15 (full 1):
 PSYoungGen      total 84736K, used 84102K [0x9ce00000, 0xa3080000, 0xa7600000)
  eden space 78592K, 100% used [0x9ce00000,0xa1ac0000,0xa1ac0000)
  from space 6144K, 89% used [0xa1ac0000,0xa20219e8,0xa20c0000)
  to   space 6656K, 0% used [0xa2a00000,0xa2a00000,0xa3080000)
 ParOldGen       total 25088K, used 12091K [0x87e00000, 0x89680000, 0x9ce00000)
  object space 25088K, 48% used [0x87e00000,0x889ceda0,0x89680000)
 Metaspace       used 26390K, capacity 26825K, committed 26880K, reserved 26928K
Event: 19.290 GC heap after
Heap after GC invocations=15 (full 1):
 PSYoungGen      total 91392K, used 6653K [0x9ce00000, 0xa4440000, 0xa7600000)
  eden space 84736K, 0% used [0x9ce00000,0x9ce00000,0xa20c0000)
  from space 6656K, 99% used [0xa2a00000,0xa307f798,0xa3080000)
  to   space 9472K, 0% used [0xa20c0000,0xa20c0000,0xa2a00000)
 ParOldGen       total 25088K, used 17389K [0x87e00000, 0x89680000, 0x9ce00000)
  object space 25088K, 69% used [0x87e00000,0x88efb538,0x89680000)
 Metaspace       used 26390K, capacity 26825K, committed 26880K, reserved 26928K
}
Event: 21.250 GC heap before
{Heap before GC invocations=16 (full 1):
 PSYoungGen      total 91392K, used 26969K [0x9ce00000, 0xa4440000, 0xa7600000)
  eden space 84736K, 23% used [0x9ce00000,0x9e1d6cf0,0xa20c0000)
  from space 6656K, 99% used [0xa2a00000,0xa307f798,0xa3080000)
  to   space 9472K, 0% used [0xa20c0000,0xa20c0000,0xa2a00000)
 ParOldGen       total 25088K, used 17389K [0x87e00000, 0x89680000, 0x9ce00000)
  object space 25088K, 69% used [0x87e00000,0x88efb538,0x89680000)
 Metaspace       used 26835K, capacity 27297K, committed 27308K, reserved 27952K
Event: 21.284 GC heap after
Heap after GC invocations=16 (full 1):
 PSYoungGen      total 94208K, used 1289K [0x9ce00000, 0xa4d00000, 0xa7600000)
  eden space 84736K, 0% used [0x9ce00000,0x9ce00000,0xa20c0000)
  from space 9472K, 13% used [0xa20c0000,0xa22024d0,0xa2a00000)
  to   space 9472K, 0% used [0xa43c0000,0xa43c0000,0xa4d00000)
 ParOldGen       total 25088K, used 24032K [0x87e00000, 0x89680000, 0x9ce00000)
  object space 25088K, 95% used [0x87e00000,0x89578260,0x89680000)
 Metaspace       used 26835K, capacity 27297K, committed 27308K, reserved 27952K
}
Event: 21.284 GC heap before
{Heap before GC invocations=17 (full 2):
 PSYoungGen      total 94208K, used 1289K [0x9ce00000, 0xa4d00000, 0xa7600000)
  eden space 84736K, 0% used [0x9ce00000,0x9ce00000,0xa20c0000)
  from space 9472K, 13% used [0xa20c0000,0xa22024d0,0xa2a00000)
  to   space 9472K, 0% used [0xa43c0000,0xa43c0000,0xa4d00000)
 ParOldGen       total 25088K, used 24032K [0x87e00000, 0x89680000, 0x9ce00000)
  object space 25088K, 95% used [0x87e00000,0x89578260,0x89680000)
 Metaspace       used 26835K, capacity 27297K, committed 27308K, reserved 27952K

