# JRE version: OpenJDK Runtime Environment (8.0_151-b12) (build 1.8.0_151-8u151-b12-1-b12)
# Java VM: OpenJDK Server VM (25.151-b12 mixed mode linux-x86 )
Heap:
 PSYoungGen      total 72448K, used 7678K [0x91ec0000, 0x96dc0000, 0xa7400000)
  eden space 64768K, 0% used [0x91ec0000,0x91ec0000,0x95e00000)
  from space 7680K, 99% used [0x95e00000,0x9657f980,0x96580000)
  to   space 6912K, 0% used [0x96580000,0x96580000,0x96c40000)
 ParOldGen       total 22016K, used 21155K [0x67400000, 0x68980000, 0x91ec0000)
  object space 22016K, 96% used [0x67400000,0x688a8df0,0x68980000)
 Metaspace       used 3896K, capacity 3942K, committed 3992K, reserved 4400K
GC Heap History (10 events):
Event: 1.257 GC heap after
Heap after GC invocations=2 (full 0):
 PSYoungGen      total 17664K, used 1275K [0x91ec0000, 0x93140000, 0xa7400000)
  eden space 16384K, 0% used [0x91ec0000,0x91ec0000,0x92ec0000)
  from space 1280K, 99% used [0x93000000,0x9313eeb0,0x93140000)
  to   space 1280K, 0% used [0x92ec0000,0x92ec0000,0x93000000)
 ParOldGen       total 22016K, used 2634K [0x67400000, 0x68980000, 0x91ec0000)
  object space 22016K, 11% used [0x67400000,0x67692898,0x68980000)
 Metaspace       used 3603K, capacity 3622K, committed 3736K, reserved 4400K
}
Event: 2.094 GC heap before
{Heap before GC invocations=3 (full 0):
 PSYoungGen      total 17664K, used 17659K [0x91ec0000, 0x93140000, 0xa7400000)
  eden space 16384K, 100% used [0x91ec0000,0x92ec0000,0x92ec0000)
  from space 1280K, 99% used [0x93000000,0x9313eeb0,0x93140000)
  to   space 1280K, 0% used [0x92ec0000,0x92ec0000,0x93000000)
 ParOldGen       total 22016K, used 2634K [0x67400000, 0x68980000, 0x91ec0000)
  object space 22016K, 11% used [0x67400000,0x67692898,0x68980000)
 Metaspace       used 3688K, capacity 3718K, committed 3736K, reserved 4400K
Event: 2.155 GC heap after
Heap after GC invocations=3 (full 0):
 PSYoungGen      total 17664K, used 1272K [0x91ec0000, 0x94140000, 0xa7400000)
  eden space 16384K, 0% used [0x91ec0000,0x91ec0000,0x92ec0000)
  from space 1280K, 99% used [0x92ec0000,0x92ffe2b0,0x93000000)
  to   space 1280K, 0% used [0x94000000,0x94000000,0x94140000)
 ParOldGen       total 22016K, used 5192K [0x67400000, 0x68980000, 0x91ec0000)
  object space 22016K, 23% used [0x67400000,0x67912060,0x68980000)
 Metaspace       used 3688K, capacity 3718K, committed 3736K, reserved 4400K
}
Event: 2.771 GC heap before
{Heap before GC invocations=4 (full 0):
 PSYoungGen      total 17664K, used 17656K [0x91ec0000, 0x94140000, 0xa7400000)
  eden space 16384K, 100% used [0x91ec0000,0x92ec0000,0x92ec0000)
  from space 1280K, 99% used [0x92ec0000,0x92ffe2b0,0x93000000)
  to   space 1280K, 0% used [0x94000000,0x94000000,0x94140000)
 ParOldGen       total 22016K, used 5192K [0x67400000, 0x68980000, 0x91ec0000)
  object space 22016K, 23% used [0x67400000,0x67912060,0x68980000)
 Metaspace       used 3768K, capacity 3782K, committed 3864K, reserved 4400K
Event: 2.810 GC heap after
Heap after GC invocations=4 (full 0):
 PSYoungGen      total 34048K, used 1277K [0x91ec0000, 0x94140000, 0xa7400000)
  eden space 32768K, 0% used [0x91ec0000,0x91ec0000,0x93ec0000)
  from space 1280K, 99% used [0x94000000,0x9413f788,0x94140000)
  to   space 1280K, 0% used [0x93ec0000,0x93ec0000,0x94000000)
 ParOldGen       total 22016K, used 7976K [0x67400000, 0x68980000, 0x91ec0000)
  object space 22016K, 36% used [0x67400000,0x67bca270,0x68980000)
 Metaspace       used 3768K, capacity 3782K, committed 3864K, reserved 4400K
}
Event: 3.572 GC heap before
{Heap before GC invocations=5 (full 0):
 PSYoungGen      total 34048K, used 34045K [0x91ec0000, 0x94140000, 0xa7400000)
  eden space 32768K, 100% used [0x91ec0000,0x93ec0000,0x93ec0000)
  from space 1280K, 99% used [0x94000000,0x9413f788,0x94140000)
  to   space 1280K, 0% used [0x93ec0000,0x93ec0000,0x94000000)
 ParOldGen       total 22016K, used 7976K [0x67400000, 0x68980000, 0x91ec0000)
  object space 22016K, 36% used [0x67400000,0x67bca270,0x68980000)
 Metaspace       used 3828K, capacity 3846K, committed 3864K, reserved 4400K
Event: 3.683 GC heap after
Heap after GC invocations=5 (full 0):
 PSYoungGen      total 34048K, used 1273K [0x91ec0000, 0x96c40000, 0xa7400000)
  eden space 32768K, 0% used [0x91ec0000,0x91ec0000,0x93ec0000)
  from space 1280K, 99% used [0x93ec0000,0x93ffe648,0x94000000)
  to   space 6912K, 0% used [0x96580000,0x96580000,0x96c40000)
 ParOldGen       total 22016K, used 13531K [0x67400000, 0x68980000, 0x91ec0000)
  object space 22016K, 61% used [0x67400000,0x68136c88,0x68980000)
 Metaspace       used 3828K, capacity 3846K, committed 3864K, reserved 4400K
}
Event: 4.236 GC heap before
{Heap before GC invocations=6 (full 0):
 PSYoungGen      total 34048K, used 34041K [0x91ec0000, 0x96c40000, 0xa7400000)
  eden space 32768K, 100% used [0x91ec0000,0x93ec0000,0x93ec0000)
  from space 1280K, 99% used [0x93ec0000,0x93ffe648,0x94000000)
  to   space 6912K, 0% used [0x96580000,0x96580000,0x96c40000)
 ParOldGen       total 22016K, used 13531K [0x67400000, 0x68980000, 0x91ec0000)
  object space 22016K, 61% used [0x67400000,0x68136c88,0x68980000)
 Metaspace       used 3849K, capacity 3878K, committed 3992K, reserved 4400K
Event: 4.321 GC heap after
Heap after GC invocations=6 (full 0):
 PSYoungGen      total 71680K, used 6246K [0x91ec0000, 0x96dc0000, 0xa7400000)
  eden space 64768K, 0% used [0x91ec0000,0x91ec0000,0x95e00000)
  from space 6912K, 90% used [0x96580000,0x96b99820,0x96c40000)
  to   space 7680K, 0% used [0x95e00000,0x95e00000,0x96580000)
 ParOldGen       total 22016K, used 13531K [0x67400000, 0x68980000, 0x91ec0000)
  object space 22016K, 61% used [0x67400000,0x68136c88,0x68980000)
 Metaspace       used 3849K, capacity 3878K, committed 3992K, reserved 4400K
}
Event: 5.146 GC heap before
{Heap before GC invocations=7 (full 0):
 PSYoungGen      total 71680K, used 71014K [0x91ec0000, 0x96dc0000, 0xa7400000)
  eden space 64768K, 100% used [0x91ec0000,0x95e00000,0x95e00000)
  from space 6912K, 90% used [0x96580000,0x96b99820,0x96c40000)
  to   space 7680K, 0% used [0x95e00000,0x95e00000,0x96580000)
 ParOldGen       total 22016K, used 13531K [0x67400000, 0x68980000, 0x91ec0000)
  object space 22016K, 61% used [0x67400000,0x68136c88,0x68980000)
 Metaspace       used 3896K, capacity 3942K, committed 3992K, reserved 4400K

