# JRE version: OpenJDK Runtime Environment (8.0_151-b12) (build 1.8.0_151-8u151-b12-1-b12)
# Java VM: OpenJDK Server VM (25.151-b12 mixed mode linux-x86 )
Heap:
 PSYoungGen      total 34048K, used 1277K [0x920c0000, 0x94340000, 0xa7600000)
  eden space 32768K, 0% used [0x920c0000,0x920c0000,0x940c0000)
  from space 1280K, 99% used [0x940c0000,0x941ff518,0x94200000)
  to   space 1280K, 0% used [0x94200000,0x94200000,0x94340000)
 ParOldGen       total 22016K, used 13681K [0x67600000, 0x68b80000, 0x920c0000)
  object space 22016K, 62% used [0x67600000,0x6835c668,0x68b80000)
 Metaspace       used 3874K, capacity 3910K, committed 3992K, reserved 4400K
GC Heap History (9 events):
Event: 1.401 GC heap before
{Heap before GC invocations=1 (full 0):
 PSYoungGen      total 9472K, used 8188K [0x920c0000, 0x92b40000, 0xa7600000)
  eden space 8192K, 99% used [0x920c0000,0x928bf228,0x928c0000)
  from space 1280K, 0% used [0x92a00000,0x92a00000,0x92b40000)
  to   space 1280K, 0% used [0x928c0000,0x928c0000,0x92a00000)
 ParOldGen       total 22016K, used 0K [0x67600000, 0x68b80000, 0x920c0000)
  object space 22016K, 0% used [0x67600000,0x67600000,0x68b80000)
 Metaspace       used 3205K, capacity 3262K, committed 3352K, reserved 4400K
Event: 1.420 GC heap after
Heap after GC invocations=1 (full 0):
 PSYoungGen      total 9472K, used 1269K [0x920c0000, 0x93340000, 0xa7600000)
  eden space 8192K, 0% used [0x920c0000,0x920c0000,0x928c0000)
  from space 1280K, 99% used [0x928c0000,0x929fd478,0x92a00000)
  to   space 1280K, 0% used [0x93200000,0x93200000,0x93340000)
 ParOldGen       total 22016K, used 1123K [0x67600000, 0x68b80000, 0x920c0000)
  object space 22016K, 5% used [0x67600000,0x67718e48,0x68b80000)
 Metaspace       used 3205K, capacity 3262K, committed 3352K, reserved 4400K
}
Event: 2.024 GC heap before
{Heap before GC invocations=2 (full 0):
 PSYoungGen      total 9472K, used 9461K [0x920c0000, 0x93340000, 0xa7600000)
  eden space 8192K, 100% used [0x920c0000,0x928c0000,0x928c0000)
  from space 1280K, 99% used [0x928c0000,0x929fd478,0x92a00000)
  to   space 1280K, 0% used [0x93200000,0x93200000,0x93340000)
 ParOldGen       total 22016K, used 1123K [0x67600000, 0x68b80000, 0x920c0000)
  object space 22016K, 5% used [0x67600000,0x67718e48,0x68b80000)
 Metaspace       used 3629K, capacity 3654K, committed 3736K, reserved 4400K
Event: 2.054 GC heap after
Heap after GC invocations=2 (full 0):
 PSYoungGen      total 17664K, used 1274K [0x920c0000, 0x93340000, 0xa7600000)
  eden space 16384K, 0% used [0x920c0000,0x920c0000,0x930c0000)
  from space 1280K, 99% used [0x93200000,0x9333eaf0,0x93340000)
  to   space 1280K, 0% used [0x930c0000,0x930c0000,0x93200000)
 ParOldGen       total 22016K, used 2633K [0x67600000, 0x68b80000, 0x920c0000)
  object space 22016K, 11% used [0x67600000,0x67892648,0x68b80000)
 Metaspace       used 3629K, capacity 3654K, committed 3736K, reserved 4400K
}
Event: 2.759 GC heap before
{Heap before GC invocations=3 (full 0):
 PSYoungGen      total 17664K, used 17658K [0x920c0000, 0x93340000, 0xa7600000)
  eden space 16384K, 100% used [0x920c0000,0x930c0000,0x930c0000)
  from space 1280K, 99% used [0x93200000,0x9333eaf0,0x93340000)
  to   space 1280K, 0% used [0x930c0000,0x930c0000,0x93200000)
 ParOldGen       total 22016K, used 2633K [0x67600000, 0x68b80000, 0x920c0000)
  object space 22016K, 11% used [0x67600000,0x67892648,0x68b80000)
 Metaspace       used 3689K, capacity 3718K, committed 3736K, reserved 4400K
Event: 2.783 GC heap after
Heap after GC invocations=3 (full 0):
 PSYoungGen      total 17664K, used 1272K [0x920c0000, 0x94340000, 0xa7600000)
  eden space 16384K, 0% used [0x920c0000,0x920c0000,0x930c0000)
  from space 1280K, 99% used [0x930c0000,0x931fe2e8,0x93200000)
  to   space 1280K, 0% used [0x94200000,0x94200000,0x94340000)
 ParOldGen       total 22016K, used 5423K [0x67600000, 0x68b80000, 0x920c0000)
  object space 22016K, 24% used [0x67600000,0x67b4beb8,0x68b80000)
 Metaspace       used 3689K, capacity 3718K, committed 3736K, reserved 4400K
}
Event: 3.404 GC heap before
{Heap before GC invocations=4 (full 0):
 PSYoungGen      total 17664K, used 17656K [0x920c0000, 0x94340000, 0xa7600000)
  eden space 16384K, 100% used [0x920c0000,0x930c0000,0x930c0000)
  from space 1280K, 99% used [0x930c0000,0x931fe2e8,0x93200000)
  to   space 1280K, 0% used [0x94200000,0x94200000,0x94340000)
 ParOldGen       total 22016K, used 5423K [0x67600000, 0x68b80000, 0x920c0000)
  object space 22016K, 24% used [0x67600000,0x67b4beb8,0x68b80000)
 Metaspace       used 3815K, capacity 3846K, committed 3864K, reserved 4400K
Event: 3.428 GC heap after
Heap after GC invocations=4 (full 0):
 PSYoungGen      total 34048K, used 1267K [0x920c0000, 0x94340000, 0xa7600000)
  eden space 32768K, 0% used [0x920c0000,0x920c0000,0x940c0000)
  from space 1280K, 99% used [0x94200000,0x9433cd30,0x94340000)
  to   space 1280K, 0% used [0x940c0000,0x940c0000,0x94200000)
 ParOldGen       total 22016K, used 8023K [0x67600000, 0x68b80000, 0x920c0000)
  object space 22016K, 36% used [0x67600000,0x67dd5dd8,0x68b80000)
 Metaspace       used 3815K, capacity 3846K, committed 3864K, reserved 4400K
}
Event: 3.829 GC heap before
{Heap before GC invocations=5 (full 0):
 PSYoungGen      total 34048K, used 34035K [0x920c0000, 0x94340000, 0xa7600000)
  eden space 32768K, 100% used [0x920c0000,0x940c0000,0x940c0000)
  from space 1280K, 99% used [0x94200000,0x9433cd30,0x94340000)
  to   space 1280K, 0% used [0x940c0000,0x940c0000,0x94200000)
 ParOldGen       total 22016K, used 8023K [0x67600000, 0x68b80000, 0x920c0000)
  object space 22016K, 36% used [0x67600000,0x67dd5dd8,0x68b80000)
 Metaspace       used 3874K, capacity 3910K, committed 3992K, reserved 4400K

