# JRE version: OpenJDK Runtime Environment (8.0_151-b12) (build 1.8.0_151-8u151-b12-1-b12)
# Java VM: OpenJDK Server VM (25.151-b12 mixed mode linux-x86 )
Heap:
 PSYoungGen      total 17664K, used 1276K [0x920c0000, 0x93340000, 0xa7600000)
  eden space 16384K, 0% used [0x920c0000,0x920c0000,0x930c0000)
  from space 1280K, 99% used [0x930c0000,0x931ff138,0x93200000)
  to   space 1280K, 0% used [0x93200000,0x93200000,0x93340000)
 ParOldGen       total 22016K, used 8137K [0x67600000, 0x68b80000, 0x920c0000)
  object space 22016K, 36% used [0x67600000,0x67df2638,0x68b80000)
 Metaspace       used 3732K, capacity 3750K, committed 3864K, reserved 4400K
GC Heap History (9 events):
Event: 2.249 GC heap before
{Heap before GC invocations=1 (full 0):
 PSYoungGen      total 9472K, used 8192K [0x920c0000, 0x92b40000, 0xa7600000)
  eden space 8192K, 100% used [0x920c0000,0x928c0000,0x928c0000)
  from space 1280K, 0% used [0x92a00000,0x92a00000,0x92b40000)
  to   space 1280K, 0% used [0x928c0000,0x928c0000,0x92a00000)
 ParOldGen       total 22016K, used 0K [0x67600000, 0x68b80000, 0x920c0000)
  object space 22016K, 0% used [0x67600000,0x67600000,0x68b80000)
 Metaspace       used 3242K, capacity 3294K, committed 3352K, reserved 4400K
Event: 2.257 GC heap after
Heap after GC invocations=1 (full 0):
 PSYoungGen      total 9472K, used 1271K [0x920c0000, 0x92b40000, 0xa7600000)
  eden space 8192K, 0% used [0x920c0000,0x920c0000,0x928c0000)
  from space 1280K, 99% used [0x928c0000,0x929fdf28,0x92a00000)
  to   space 1280K, 0% used [0x92a00000,0x92a00000,0x92b40000)
 ParOldGen       total 22016K, used 1034K [0x67600000, 0x68b80000, 0x920c0000)
  object space 22016K, 4% used [0x67600000,0x677029f8,0x68b80000)
 Metaspace       used 3242K, capacity 3294K, committed 3352K, reserved 4400K
}
Event: 2.672 GC heap before
{Heap before GC invocations=2 (full 0):
 PSYoungGen      total 9472K, used 9463K [0x920c0000, 0x92b40000, 0xa7600000)
  eden space 8192K, 100% used [0x920c0000,0x928c0000,0x928c0000)
  from space 1280K, 99% used [0x928c0000,0x929fdf28,0x92a00000)
  to   space 1280K, 0% used [0x92a00000,0x92a00000,0x92b40000)
 ParOldGen       total 22016K, used 1034K [0x67600000, 0x68b80000, 0x920c0000)
  object space 22016K, 4% used [0x67600000,0x677029f8,0x68b80000)
 Metaspace       used 3645K, capacity 3686K, committed 3736K, reserved 4400K
Event: 2.685 GC heap after
Heap after GC invocations=2 (full 0):
 PSYoungGen      total 9472K, used 1275K [0x920c0000, 0x93340000, 0xa7600000)
  eden space 8192K, 0% used [0x920c0000,0x920c0000,0x928c0000)
  from space 1280K, 99% used [0x92a00000,0x92b3edc0,0x92b40000)
  to   space 1280K, 0% used [0x928c0000,0x928c0000,0x92a00000)
 ParOldGen       total 22016K, used 2247K [0x67600000, 0x68b80000, 0x920c0000)
  object space 22016K, 10% used [0x67600000,0x67831c70,0x68b80000)
 Metaspace       used 3645K, capacity 3686K, committed 3736K, reserved 4400K
}
Event: 2.939 GC heap before
{Heap before GC invocations=3 (full 0):
 PSYoungGen      total 9472K, used 9467K [0x920c0000, 0x93340000, 0xa7600000)
  eden space 8192K, 100% used [0x920c0000,0x928c0000,0x928c0000)
  from space 1280K, 99% used [0x92a00000,0x92b3edc0,0x92b40000)
  to   space 1280K, 0% used [0x928c0000,0x928c0000,0x92a00000)
 ParOldGen       total 22016K, used 2247K [0x67600000, 0x68b80000, 0x920c0000)
  object space 22016K, 10% used [0x67600000,0x67831c70,0x68b80000)
 Metaspace       used 3662K, capacity 3686K, committed 3736K, reserved 4400K
Event: 2.959 GC heap after
Heap after GC invocations=3 (full 0):
 PSYoungGen      total 9472K, used 1275K [0x920c0000, 0x93340000, 0xa7600000)
  eden space 8192K, 0% used [0x920c0000,0x920c0000,0x928c0000)
  from space 1280K, 99% used [0x928c0000,0x929fedd0,0x92a00000)
  to   space 1280K, 0% used [0x93200000,0x93200000,0x93340000)
 ParOldGen       total 22016K, used 3742K [0x67600000, 0x68b80000, 0x920c0000)
  object space 22016K, 16% used [0x67600000,0x679a7900,0x68b80000)
 Metaspace       used 3662K, capacity 3686K, committed 3736K, reserved 4400K
}
Event: 3.219 GC heap before
{Heap before GC invocations=4 (full 0):
 PSYoungGen      total 9472K, used 9467K [0x920c0000, 0x93340000, 0xa7600000)
  eden space 8192K, 100% used [0x920c0000,0x928c0000,0x928c0000)
  from space 1280K, 99% used [0x928c0000,0x929fedd0,0x92a00000)
  to   space 1280K, 0% used [0x93200000,0x93200000,0x93340000)
 ParOldGen       total 22016K, used 3742K [0x67600000, 0x68b80000, 0x920c0000)
  object space 22016K, 16% used [0x67600000,0x679a7900,0x68b80000)
 Metaspace       used 3698K, capacity 3718K, committed 3736K, reserved 4400K
Event: 3.235 GC heap after
Heap after GC invocations=4 (full 0):
 PSYoungGen      total 17664K, used 1268K [0x920c0000, 0x93340000, 0xa7600000)
  eden space 16384K, 0% used [0x920c0000,0x920c0000,0x930c0000)
  from space 1280K, 99% used [0x93200000,0x9333d380,0x93340000)
  to   space 1280K, 0% used [0x930c0000,0x930c0000,0x93200000)
 ParOldGen       total 22016K, used 5188K [0x67600000, 0x68b80000, 0x920c0000)
  object space 22016K, 23% used [0x67600000,0x67b11088,0x68b80000)
 Metaspace       used 3698K, capacity 3718K, committed 3736K, reserved 4400K
}
Event: 3.526 GC heap before
{Heap before GC invocations=5 (full 0):
 PSYoungGen      total 17664K, used 17652K [0x920c0000, 0x93340000, 0xa7600000)
  eden space 16384K, 100% used [0x920c0000,0x930c0000,0x930c0000)
  from space 1280K, 99% used [0x93200000,0x9333d380,0x93340000)
  to   space 1280K, 0% used [0x930c0000,0x930c0000,0x93200000)
 ParOldGen       total 22016K, used 5188K [0x67600000, 0x68b80000, 0x920c0000)
  object space 22016K, 23% used [0x67600000,0x67b11088,0x68b80000)
 Metaspace       used 3732K, capacity 3750K, committed 3864K, reserved 4400K

